{"has_code": true, "source_code": "package original;\nimport org.junit.Test;\nimport static org.junit.Assert.*;\nimport java.util.ArrayList;\nimport java.util.Arrays;\nimport java.util.List;\n\npublic class MinsubarraysumTest {\n\n    @Test\n    public void testMinsubarraysum() {\n        List<Object> nums = new ArrayList<>(Arrays.asList(1, -2, 3, -4, 5));\n        long result = Minsubarraysum.minsubarraysum(nums);\n        assertEquals(-4, result);\n    }\n\n    @Test\n    public void testMinsubarraysumWithAllPositiveNumbers() {\n        List<Object> nums = new ArrayList<>(Arrays.asList(1, 2, 3, 4, 5));\n        long result = Minsubarraysum.minsubarraysum(nums);\n        assertEquals(0, result);\n    }\n\n    @Test\n    public void testMinsubarraysumWithAllNegativeNumbers() {\n        List<Object> nums = new ArrayList<>(Arrays.asList(-1, -2, -3, -4, -5));\n        long result = Minsubarraysum.minsubarraysum(nums);\n        assertEquals(-1, result);\n    }\n\n    @Test\n    public void testMinsubarraysumWithEmptyList() {\n        List<Object> nums = new ArrayList<>();\n        long result = Minsubarraysum.minsubarraysum(nums);\n        assertEquals(0, result);\n    }\n}", "has_syntactic_error": false, "runtime_error": "\nFailures (3):\n  JUnit Vintage:Minsubarraysum_68_1Test:testMinsubarraysumWithEmptyList\n    MethodSource [className = 'original.Minsubarraysum_68_1Test', methodName = 'testMinsubarraysumWithEmptyList', methodParameterTypes = '']\n    => java.lang.IndexOutOfBoundsException: Index 0 out of bounds for length 0\n       java.base/jdk.internal.util.Preconditions.outOfBounds(Preconditions.java:64)\n       java.base/jdk.internal.util.Preconditions.outOfBoundsCheckIndex(Preconditions.java:70)\n       java.base/jdk.internal.util.Preconditions.checkIndex(Preconditions.java:248)\n       java.base/java.util.Objects.checkIndex(Objects.java:372)\n       java.base/java.util.ArrayList.get(ArrayList.java:459)\n       original.Minsubarraysum.minsubarraysum(id_114.java:52)\n       original.Minsubarraysum_68_1Test.testMinsubarraysumWithEmptyList(Minsubarraysum_68_1Test.java:34)\n       java.base/jdk.internal.reflect.NativeMethodAccessorImpl.invoke0(Native Method)\n       java.base/jdk.internal.reflect.NativeMethodAccessorImpl.invoke(NativeMethodAccessorImpl.java:62)\n       java.base/jdk.internal.reflect.DelegatingMethodAccessorImpl.invoke(DelegatingMethodAccessorImpl.java:43)\n       [...]\n  JUnit Vintage:Minsubarraysum_68_1Test:testMinsubarraysumWithAllPositiveNumbers\n    MethodSource [className = 'original.Minsubarraysum_68_1Test', methodName = 'testMinsubarraysumWithAllPositiveNumbers', methodParameterTypes = '']\n    => java.lang.AssertionError: expected:<0> but was:<1>\n       org.junit.Assert.fail(Assert.java:89)\n       org.junit.Assert.failNotEquals(Assert.java:835)\n       org.junit.Assert.assertEquals(Assert.java:647)\n       org.junit.Assert.assertEquals(Assert.java:633)\n       original.Minsubarraysum_68_1Test.testMinsubarraysumWithAllPositiveNumbers(Minsubarraysum_68_1Test.java:21)\n       java.base/jdk.internal.reflect.NativeMethodAccessorImpl.invoke0(Native Method)\n       java.base/jdk.internal.reflect.NativeMethodAccessorImpl.invoke(NativeMethodAccessorImpl.java:62)\n       java.base/jdk.internal.reflect.DelegatingMethodAccessorImpl.invoke(DelegatingMethodAccessorImpl.java:43)\n       java.base/java.lang.reflect.Method.invoke(Method.java:566)\n       org.junit.runners.model.FrameworkMethod$1.runReflectiveCall(FrameworkMethod.java:59)\n       [...]\n  JUnit Vintage:Minsubarraysum_68_1Test:testMinsubarraysumWithAllNegativeNumbers\n    MethodSource [className = 'original.Minsubarraysum_68_1Test', methodName = 'testMinsubarraysumWithAllNegativeNumbers', methodParameterTypes = '']\n    => java.lang.AssertionError: expected:<-1> but was:<-15>\n       org.junit.Assert.fail(Assert.java:89)\n       org.junit.Assert.failNotEquals(Assert.java:835)\n       org.junit.Assert.assertEquals(Assert.java:647)\n       org.junit.Assert.assertEquals(Assert.java:633)\n       original.Minsubarraysum_68_1Test.testMinsubarraysumWithAllNegativeNumbers(Minsubarraysum_68_1Test.java:28)\n       java.base/jdk.internal.reflect.NativeMethodAccessorImpl.invoke0(Native Method)\n       java.base/jdk.internal.reflect.NativeMethodAccessorImpl.invoke(NativeMethodAccessorImpl.java:62)\n       java.base/jdk.internal.reflect.DelegatingMethodAccessorImpl.invoke(DelegatingMethodAccessorImpl.java:43)\n       java.base/java.lang.reflect.Method.invoke(Method.java:566)\n       org.junit.runners.model.FrameworkMethod$1.runReflectiveCall(FrameworkMethod.java:59)\n       [...]\n\nTest run finished after 44 ms\n[         4 containers found      ]\n[         0 containers skipped    ]\n[         4 containers started    ]\n[         0 containers aborted    ]\n[         4 containers successful ]\n[         0 containers failed     ]\n[         4 tests found           ]\n[         0 tests skipped         ]\n[         4 tests started         ]\n[         0 tests aborted         ]\n[         1 tests successful      ]\n[         3 tests failed          ]\n\n"}