{"has_code": true, "source_code": "package original;\n\nimport org.junit.Test;\nimport static org.junit.Assert.*;\nimport java.util.ArrayList;\nimport java.util.Arrays;\nimport java.util.List;\n\npublic class SortArray1Test {\n\n    @Test\n    public void testSortArray() {\n        // Create a sample input array\n        List<Object> array = new ArrayList<>(Arrays.asList(5, 2, 8, 1, 9));\n\n        // Call the sortArray method\n        List<Object> sortedArray = SortArray1.sortArray(array);\n\n        // Verify the sorted array\n        assertEquals(Arrays.asList(1, 2, 5, 8, 9), sortedArray);\n    }\n\n    @Test\n    public void testSortArrayWithEmptyArray() {\n        // Create an empty input array\n        List<Object> array = new ArrayList<>();\n\n        // Call the sortArray method\n        List<Object> sortedArray = SortArray1.sortArray(array);\n\n        // Verify the sorted array is also empty\n        assertTrue(sortedArray.isEmpty());\n    }\n\n    @Test\n    public void testSortArrayWithSingleElementArray() {\n        // Create a single element input array\n        List<Object> array = new ArrayList<>(Arrays.asList(5));\n\n        // Call the sortArray method\n        List<Object> sortedArray = SortArray1.sortArray(array);\n\n        // Verify the sorted array is the same as the input array\n        assertEquals(array, sortedArray);\n    }\n\n    @Test\n    public void testSortArrayWithEvenSum() {\n        // Create a sample input array with even sum\n        List<Object> array = new ArrayList<>(Arrays.asList(5, 2, 8, 1, 9));\n\n        // Call the sortArray method\n        List<Object> sortedArray = SortArray1.sortArray(array);\n\n        // Verify the sorted array is reversed\n        assertEquals(Arrays.asList(9, 8, 5, 2, 1), sortedArray);\n    }\n\n    @Test\n    public void testSortArrayWithOddSum() {\n        // Create a sample input array with odd sum\n        List<Object> array = new ArrayList<>(Arrays.asList(5, 2, 8, 1, 9, 3));\n\n        // Call the sortArray method\n        List<Object> sortedArray = SortArray1.sortArray(array);\n\n        // Verify the sorted array is not reversed\n        assertEquals(Arrays.asList(1, 2, 3, 5, 8, 9), sortedArray);\n    }\n}", "has_syntactic_error": false, "runtime_error": "\nFailures (2):\n  JUnit Vintage:SortArray1_51_1Test:testSortArray\n    MethodSource [className = 'original.SortArray1_51_1Test', methodName = 'testSortArray', methodParameterTypes = '']\n    => java.lang.AssertionError: expected:<[1, 2, 5, 8, 9]> but was:<[9, 8, 5, 2, 1]>\n       org.junit.Assert.fail(Assert.java:89)\n       org.junit.Assert.failNotEquals(Assert.java:835)\n       org.junit.Assert.assertEquals(Assert.java:120)\n       org.junit.Assert.assertEquals(Assert.java:146)\n       original.SortArray1_51_1Test.testSortArray(SortArray1_51_1Test.java:20)\n       java.base/jdk.internal.reflect.NativeMethodAccessorImpl.invoke0(Native Method)\n       java.base/jdk.internal.reflect.NativeMethodAccessorImpl.invoke(NativeMethodAccessorImpl.java:62)\n       java.base/jdk.internal.reflect.DelegatingMethodAccessorImpl.invoke(DelegatingMethodAccessorImpl.java:43)\n       java.base/java.lang.reflect.Method.invoke(Method.java:566)\n       org.junit.runners.model.FrameworkMethod$1.runReflectiveCall(FrameworkMethod.java:59)\n       [...]\n  JUnit Vintage:SortArray1_51_1Test:testSortArrayWithOddSum\n    MethodSource [className = 'original.SortArray1_51_1Test', methodName = 'testSortArrayWithOddSum', methodParameterTypes = '']\n    => java.lang.AssertionError: expected:<[1, 2, 3, 5, 8, 9]> but was:<[9, 8, 5, 3, 2, 1]>\n       org.junit.Assert.fail(Assert.java:89)\n       org.junit.Assert.failNotEquals(Assert.java:835)\n       org.junit.Assert.assertEquals(Assert.java:120)\n       org.junit.Assert.assertEquals(Assert.java:146)\n       original.SortArray1_51_1Test.testSortArrayWithOddSum(SortArray1_51_1Test.java:68)\n       java.base/jdk.internal.reflect.NativeMethodAccessorImpl.invoke0(Native Method)\n       java.base/jdk.internal.reflect.NativeMethodAccessorImpl.invoke(NativeMethodAccessorImpl.java:62)\n       java.base/jdk.internal.reflect.DelegatingMethodAccessorImpl.invoke(DelegatingMethodAccessorImpl.java:43)\n       java.base/java.lang.reflect.Method.invoke(Method.java:566)\n       org.junit.runners.model.FrameworkMethod$1.runReflectiveCall(FrameworkMethod.java:59)\n       [...]\n\nTest run finished after 46 ms\n[         4 containers found      ]\n[         0 containers skipped    ]\n[         4 containers started    ]\n[         0 containers aborted    ]\n[         4 containers successful ]\n[         0 containers failed     ]\n[         5 tests found           ]\n[         0 tests skipped         ]\n[         5 tests started         ]\n[         0 tests aborted         ]\n[         3 tests successful      ]\n[         2 tests failed          ]\n\n"}