{"has_code": true, "source_code": "package original;\nimport org.junit.Test;\nimport static org.junit.Assert.assertEquals;\nimport java.util.List;\n\npublic class EvenOddCountTest {\n\n    @Test\n    public void testEvenOddCount() {\n        // Test case 1: num = 0\n        int num1 = 0;\n        List<Integer> result1 = EvenOddCount.evenOddCount(num1);\n        assertEquals(Arrays.asList(1, 0), result1);\n\n        // Test case 2: num = 123456\n        int num2 = 123456;\n        List<Integer> result2 = EvenOddCount.evenOddCount(num2);\n        assertEquals(Arrays.asList(3, 3), result2);\n\n        // Test case 3: num = -987654321\n        int num3 = -987654321;\n        List<Integer> result3 = EvenOddCount.evenOddCount(num3);\n        assertEquals(Arrays.asList(5, 4), result3);\n    }\n}", "has_syntactic_error": false, "compile_error": "/home/minbao/PycharmProject/ChatUniTest-main/result/scope_test%20231224102924%/13%original%EvenOddCount%evenOddCount%d1/1/temp/EvenOddCount_13_1Test.java:13: error: cannot find symbol\n        assertEquals(Arrays.asList(1, 0), result1);\n                     ^\n  symbol:   variable Arrays\n  location: class EvenOddCount_13_1Test\n/home/minbao/PycharmProject/ChatUniTest-main/result/scope_test%20231224102924%/13%original%EvenOddCount%evenOddCount%d1/1/temp/EvenOddCount_13_1Test.java:18: error: cannot find symbol\n        assertEquals(Arrays.asList(3, 3), result2);\n                     ^\n  symbol:   variable Arrays\n  location: class EvenOddCount_13_1Test\n/home/minbao/PycharmProject/ChatUniTest-main/result/scope_test%20231224102924%/13%original%EvenOddCount%evenOddCount%d1/1/temp/EvenOddCount_13_1Test.java:23: error: cannot find symbol\n        assertEquals(Arrays.asList(5, 4), result3);\n                     ^\n  symbol:   variable Arrays\n  location: class EvenOddCount_13_1Test\n3 errors\n"}