{"has_code": true, "source_code": "package original;\n\nimport org.junit.Test;\nimport static org.junit.Assert.*;\nimport java.util.ArrayList;\nimport java.util.List;\n\npublic class DoubleTheDifferenceTest {\n\n    @Test\n    public void testDoubleTheDifference() {\n        List<Object> lst = new ArrayList<>();\n        lst.add(1);\n        lst.add(2);\n        lst.add(3);\n        lst.add(4);\n        lst.add(5);\n\n        int result = DoubleTheDifference.doubleTheDifference(lst);\n\n        assertEquals(26, result);\n    }\n\n    @Test\n    public void testDoubleTheDifferenceWithEmptyList() {\n        List<Object> lst = new ArrayList<>();\n\n        int result = DoubleTheDifference.doubleTheDifference(lst);\n\n        assertEquals(0, result);\n    }\n\n    @Test\n    public void testDoubleTheDifferenceWithNegativeNumbers() {\n        List<Object> lst = new ArrayList<>();\n        lst.add(-1);\n        lst.add(-2);\n        lst.add(-3);\n        lst.add(-4);\n        lst.add(-5);\n\n        int result = DoubleTheDifference.doubleTheDifference(lst);\n\n        assertEquals(0, result);\n    }\n\n    @Test\n    public void testDoubleTheDifferenceWithMixedNumbers() {\n        List<Object> lst = new ArrayList<>();\n        lst.add(-1);\n        lst.add(2);\n        lst.add(3);\n        lst.add(-4);\n        lst.add(5);\n\n        int result = DoubleTheDifference.doubleTheDifference(lst);\n\n        assertEquals(34, result);\n    }\n\n    @Test\n    public void testDoubleTheDifferenceWithNonIntegerElements() {\n        List<Object> lst = new ArrayList<>();\n        lst.add(1);\n        lst.add(\"two\");\n        lst.add(3);\n        lst.add(4);\n        lst.add(5);\n\n        int result = DoubleTheDifference.doubleTheDifference(lst);\n\n        assertEquals(26, result);\n    }\n}", "has_syntactic_error": false, "runtime_error": "\nFailures (2):\n  JUnit Vintage:DoubleTheDifference_56_1Test:testDoubleTheDifferenceWithNonIntegerElements\n    MethodSource [className = 'original.DoubleTheDifference_56_1Test', methodName = 'testDoubleTheDifferenceWithNonIntegerElements', methodParameterTypes = '']\n    => java.lang.AssertionError: expected:<26> but was:<35>\n       org.junit.Assert.fail(Assert.java:89)\n       org.junit.Assert.failNotEquals(Assert.java:835)\n       org.junit.Assert.assertEquals(Assert.java:647)\n       org.junit.Assert.assertEquals(Assert.java:633)\n       original.DoubleTheDifference_56_1Test.testDoubleTheDifferenceWithNonIntegerElements(DoubleTheDifference_56_1Test.java:72)\n       java.base/jdk.internal.reflect.NativeMethodAccessorImpl.invoke0(Native Method)\n       java.base/jdk.internal.reflect.NativeMethodAccessorImpl.invoke(NativeMethodAccessorImpl.java:62)\n       java.base/jdk.internal.reflect.DelegatingMethodAccessorImpl.invoke(DelegatingMethodAccessorImpl.java:43)\n       java.base/java.lang.reflect.Method.invoke(Method.java:566)\n       org.junit.runners.model.FrameworkMethod$1.runReflectiveCall(FrameworkMethod.java:59)\n       [...]\n  JUnit Vintage:DoubleTheDifference_56_1Test:testDoubleTheDifference\n    MethodSource [className = 'original.DoubleTheDifference_56_1Test', methodName = 'testDoubleTheDifference', methodParameterTypes = '']\n    => java.lang.AssertionError: expected:<26> but was:<35>\n       org.junit.Assert.fail(Assert.java:89)\n       org.junit.Assert.failNotEquals(Assert.java:835)\n       org.junit.Assert.assertEquals(Assert.java:647)\n       org.junit.Assert.assertEquals(Assert.java:633)\n       original.DoubleTheDifference_56_1Test.testDoubleTheDifference(DoubleTheDifference_56_1Test.java:21)\n       java.base/jdk.internal.reflect.NativeMethodAccessorImpl.invoke0(Native Method)\n       java.base/jdk.internal.reflect.NativeMethodAccessorImpl.invoke(NativeMethodAccessorImpl.java:62)\n       java.base/jdk.internal.reflect.DelegatingMethodAccessorImpl.invoke(DelegatingMethodAccessorImpl.java:43)\n       java.base/java.lang.reflect.Method.invoke(Method.java:566)\n       org.junit.runners.model.FrameworkMethod$1.runReflectiveCall(FrameworkMethod.java:59)\n       [...]\n\nTest run finished after 44 ms\n[         4 containers found      ]\n[         0 containers skipped    ]\n[         4 containers started    ]\n[         0 containers aborted    ]\n[         4 containers successful ]\n[         0 containers failed     ]\n[         5 tests found           ]\n[         0 tests skipped         ]\n[         5 tests started         ]\n[         0 tests aborted         ]\n[         3 tests successful      ]\n[         2 tests failed          ]\n\n"}