{"has_code": true, "source_code": "package original;\nimport org.junit.Test;\nimport static org.junit.Assert.*;\nimport java.util.List;\n\npublic class CountUpToTest {\n\n    @Test\n    public void testCountUpTo() {\n        List<Object> expected = new ArrayList<>();\n        expected.add(2);\n        expected.add(3);\n        expected.add(5);\n        expected.add(7);\n        expected.add(11);\n        \n        List<Object> result = CountUpTo.countUpTo(12);\n        \n        assertEquals(expected, result);\n    }\n    \n    @Test\n    public void testCountUpToWithNegativeNumber() {\n        List<Object> expected = new ArrayList<>();\n        \n        List<Object> result = CountUpTo.countUpTo(-5);\n        \n        assertEquals(expected, result);\n    }\n    \n    @Test\n    public void testCountUpToWithZero() {\n        List<Object> expected = new ArrayList<>();\n        \n        List<Object> result = CountUpTo.countUpTo(0);\n        \n        assertEquals(expected, result);\n    }\n    \n    @Test\n    public void testCountUpToWithOne() {\n        List<Object> expected = new ArrayList<>();\n        \n        List<Object> result = CountUpTo.countUpTo(1);\n        \n        assertEquals(expected, result);\n    }\n}", "has_syntactic_error": false, "compile_error": "/home/minbao/PycharmProject/ChatUniTest-main/result/scope_test%20231224102924%/153%original%CountUpTo%countUpTo%d1/1/temp/CountUpTo_153_1Test.java:10: error: cannot find symbol\n        List<Object> expected = new ArrayList<>();\n                                    ^\n  symbol:   class ArrayList\n  location: class CountUpTo_153_1Test\n/home/minbao/PycharmProject/ChatUniTest-main/result/scope_test%20231224102924%/153%original%CountUpTo%countUpTo%d1/1/temp/CountUpTo_153_1Test.java:24: error: cannot find symbol\n        List<Object> expected = new ArrayList<>();\n                                    ^\n  symbol:   class ArrayList\n  location: class CountUpTo_153_1Test\n/home/minbao/PycharmProject/ChatUniTest-main/result/scope_test%20231224102924%/153%original%CountUpTo%countUpTo%d1/1/temp/CountUpTo_153_1Test.java:33: error: cannot find symbol\n        List<Object> expected = new ArrayList<>();\n                                    ^\n  symbol:   class ArrayList\n  location: class CountUpTo_153_1Test\n/home/minbao/PycharmProject/ChatUniTest-main/result/scope_test%20231224102924%/153%original%CountUpTo%countUpTo%d1/1/temp/CountUpTo_153_1Test.java:42: error: cannot find symbol\n        List<Object> expected = new ArrayList<>();\n                                    ^\n  symbol:   class ArrayList\n  location: class CountUpTo_153_1Test\n4 errors\n"}