{"has_code": true, "source_code": "package original;\n\nimport org.junit.Test;\nimport static org.junit.Assert.*;\n\npublic class CheckIfLastCharIsALetterTest {\n\n    @Test\n    public void testCheckIfLastCharIsALetter_emptyString() {\n        assertFalse(CheckIfLastCharIsALetter.checkIfLastCharIsALetter(\"\"));\n    }\n\n    @Test\n    public void testCheckIfLastCharIsALetter_singleLetter() {\n        assertTrue(CheckIfLastCharIsALetter.checkIfLastCharIsALetter(\"A\"));\n    }\n\n    @Test\n    public void testCheckIfLastCharIsALetter_singleNonLetter() {\n        assertFalse(CheckIfLastCharIsALetter.checkIfLastCharIsALetter(\"1\"));\n    }\n\n    @Test\n    public void testCheckIfLastCharIsALetter_singleLetterWithSpace() {\n        assertTrue(CheckIfLastCharIsALetter.checkIfLastCharIsALetter(\"A \"));\n    }\n\n    @Test\n    public void testCheckIfLastCharIsALetter_singleNonLetterWithSpace() {\n        assertFalse(CheckIfLastCharIsALetter.checkIfLastCharIsALetter(\"1 \"));\n    }\n\n    @Test\n    public void testCheckIfLastCharIsALetter_wordWithLetter() {\n        assertFalse(CheckIfLastCharIsALetter.checkIfLastCharIsALetter(\"apple\"));\n    }\n\n    @Test\n    public void testCheckIfLastCharIsALetter_wordWithNonLetter() {\n        assertTrue(CheckIfLastCharIsALetter.checkIfLastCharIsALetter(\"apple1\"));\n    }\n\n    @Test\n    public void testCheckIfLastCharIsALetter_wordWithLetterAndSpace() {\n        assertTrue(CheckIfLastCharIsALetter.checkIfLastCharIsALetter(\"apple \"));\n    }\n\n    @Test\n    public void testCheckIfLastCharIsALetter_wordWithNonLetterAndSpace() {\n        assertTrue(CheckIfLastCharIsALetter.checkIfLastCharIsALetter(\"apple1 \"));\n    }\n\n    @Test\n    public void testCheckIfLastCharIsALetter_wordWithLetterAndSpaceAndLetter() {\n        assertFalse(CheckIfLastCharIsALetter.checkIfLastCharIsALetter(\"apple pie\"));\n    }\n\n    @Test\n    public void testCheckIfLastCharIsALetter_wordWithLetterAndSpaceAndNonLetter() {\n        assertTrue(CheckIfLastCharIsALetter.checkIfLastCharIsALetter(\"apple pi1\"));\n    }\n\n    @Test\n    public void testCheckIfLastCharIsALetter_wordWithLetterAndSpaceAndLetterAndSpace() {\n        assertFalse(CheckIfLastCharIsALetter.checkIfLastCharIsALetter(\"apple pie \"));\n    }\n\n    @Test\n    public void testCheckIfLastCharIsALetter_wordWithLetterAndSpaceAndNonLetterAndSpace() {\n        assertTrue(CheckIfLastCharIsALetter.checkIfLastCharIsALetter(\"apple pi1 \"));\n    }\n}", "has_syntactic_error": false, "runtime_error": "\nFailures (6):\n  JUnit Vintage:CheckIfLastCharIsALetter_4_1Test:testCheckIfLastCharIsALetter_wordWithNonLetterAndSpace\n    MethodSource [className = 'original.CheckIfLastCharIsALetter_4_1Test', methodName = 'testCheckIfLastCharIsALetter_wordWithNonLetterAndSpace', methodParameterTypes = '']\n    => java.lang.AssertionError\n       org.junit.Assert.fail(Assert.java:87)\n       org.junit.Assert.assertTrue(Assert.java:42)\n       org.junit.Assert.assertTrue(Assert.java:53)\n       original.CheckIfLastCharIsALetter_4_1Test.testCheckIfLastCharIsALetter_wordWithNonLetterAndSpace(CheckIfLastCharIsALetter_4_1Test.java:50)\n       java.base/jdk.internal.reflect.NativeMethodAccessorImpl.invoke0(Native Method)\n       java.base/jdk.internal.reflect.NativeMethodAccessorImpl.invoke(NativeMethodAccessorImpl.java:62)\n       java.base/jdk.internal.reflect.DelegatingMethodAccessorImpl.invoke(DelegatingMethodAccessorImpl.java:43)\n       java.base/java.lang.reflect.Method.invoke(Method.java:566)\n       org.junit.runners.model.FrameworkMethod$1.runReflectiveCall(FrameworkMethod.java:59)\n       org.junit.internal.runners.model.ReflectiveCallable.run(ReflectiveCallable.java:12)\n       [...]\n  JUnit Vintage:CheckIfLastCharIsALetter_4_1Test:testCheckIfLastCharIsALetter_wordWithLetterAndSpaceAndNonLetter\n    MethodSource [className = 'original.CheckIfLastCharIsALetter_4_1Test', methodName = 'testCheckIfLastCharIsALetter_wordWithLetterAndSpaceAndNonLetter', methodParameterTypes = '']\n    => java.lang.AssertionError\n       org.junit.Assert.fail(Assert.java:87)\n       org.junit.Assert.assertTrue(Assert.java:42)\n       org.junit.Assert.assertTrue(Assert.java:53)\n       original.CheckIfLastCharIsALetter_4_1Test.testCheckIfLastCharIsALetter_wordWithLetterAndSpaceAndNonLetter(CheckIfLastCharIsALetter_4_1Test.java:60)\n       java.base/jdk.internal.reflect.NativeMethodAccessorImpl.invoke0(Native Method)\n       java.base/jdk.internal.reflect.NativeMethodAccessorImpl.invoke(NativeMethodAccessorImpl.java:62)\n       java.base/jdk.internal.reflect.DelegatingMethodAccessorImpl.invoke(DelegatingMethodAccessorImpl.java:43)\n       java.base/java.lang.reflect.Method.invoke(Method.java:566)\n       org.junit.runners.model.FrameworkMethod$1.runReflectiveCall(FrameworkMethod.java:59)\n       org.junit.internal.runners.model.ReflectiveCallable.run(ReflectiveCallable.java:12)\n       [...]\n  JUnit Vintage:CheckIfLastCharIsALetter_4_1Test:testCheckIfLastCharIsALetter_wordWithLetterAndSpaceAndNonLetterAndSpace\n    MethodSource [className = 'original.CheckIfLastCharIsALetter_4_1Test', methodName = 'testCheckIfLastCharIsALetter_wordWithLetterAndSpaceAndNonLetterAndSpace', methodParameterTypes = '']\n    => java.lang.AssertionError\n       org.junit.Assert.fail(Assert.java:87)\n       org.junit.Assert.assertTrue(Assert.java:42)\n       org.junit.Assert.assertTrue(Assert.java:53)\n       original.CheckIfLastCharIsALetter_4_1Test.testCheckIfLastCharIsALetter_wordWithLetterAndSpaceAndNonLetterAndSpace(CheckIfLastCharIsALetter_4_1Test.java:70)\n       java.base/jdk.internal.reflect.NativeMethodAccessorImpl.invoke0(Native Method)\n       java.base/jdk.internal.reflect.NativeMethodAccessorImpl.invoke(NativeMethodAccessorImpl.java:62)\n       java.base/jdk.internal.reflect.DelegatingMethodAccessorImpl.invoke(DelegatingMethodAccessorImpl.java:43)\n       java.base/java.lang.reflect.Method.invoke(Method.java:566)\n       org.junit.runners.model.FrameworkMethod$1.runReflectiveCall(FrameworkMethod.java:59)\n       org.junit.internal.runners.model.ReflectiveCallable.run(ReflectiveCallable.java:12)\n       [...]\n  JUnit Vintage:CheckIfLastCharIsALetter_4_1Test:testCheckIfLastCharIsALetter_singleLetterWithSpace\n    MethodSource [className = 'original.CheckIfLastCharIsALetter_4_1Test', methodName = 'testCheckIfLastCharIsALetter_singleLetterWithSpace', methodParameterTypes = '']\n    => java.lang.AssertionError\n       org.junit.Assert.fail(Assert.java:87)\n       org.junit.Assert.assertTrue(Assert.java:42)\n       org.junit.Assert.assertTrue(Assert.java:53)\n       original.CheckIfLastCharIsALetter_4_1Test.testCheckIfLastCharIsALetter_singleLetterWithSpace(CheckIfLastCharIsALetter_4_1Test.java:25)\n       java.base/jdk.internal.reflect.NativeMethodAccessorImpl.invoke0(Native Method)\n       java.base/jdk.internal.reflect.NativeMethodAccessorImpl.invoke(NativeMethodAccessorImpl.java:62)\n       java.base/jdk.internal.reflect.DelegatingMethodAccessorImpl.invoke(DelegatingMethodAccessorImpl.java:43)\n       java.base/java.lang.reflect.Method.invoke(Method.java:566)\n       org.junit.runners.model.FrameworkMethod$1.runReflectiveCall(FrameworkMethod.java:59)\n       org.junit.internal.runners.model.ReflectiveCallable.run(ReflectiveCallable.java:12)\n       [...]\n  JUnit Vintage:CheckIfLastCharIsALetter_4_1Test:testCheckIfLastCharIsALetter_wordWithNonLetter\n    MethodSource [className = 'original.CheckIfLastCharIsALetter_4_1Test', methodName = 'testCheckIfLastCharIsALetter_wordWithNonLetter', methodParameterTypes = '']\n    => java.lang.AssertionError\n       org.junit.Assert.fail(Assert.java:87)\n       org.junit.Assert.assertTrue(Assert.java:42)\n       org.junit.Assert.assertTrue(Assert.java:53)\n       original.CheckIfLastCharIsALetter_4_1Test.testCheckIfLastCharIsALetter_wordWithNonLetter(CheckIfLastCharIsALetter_4_1Test.java:40)\n       java.base/jdk.internal.reflect.NativeMethodAccessorImpl.invoke0(Native Method)\n       java.base/jdk.internal.reflect.NativeMethodAccessorImpl.invoke(NativeMethodAccessorImpl.java:62)\n       java.base/jdk.internal.reflect.DelegatingMethodAccessorImpl.invoke(DelegatingMethodAccessorImpl.java:43)\n       java.base/java.lang.reflect.Method.invoke(Method.java:566)\n       org.junit.runners.model.FrameworkMethod$1.runReflectiveCall(FrameworkMethod.java:59)\n       org.junit.internal.runners.model.ReflectiveCallable.run(ReflectiveCallable.java:12)\n       [...]\n  JUnit Vintage:CheckIfLastCharIsALetter_4_1Test:testCheckIfLastCharIsALetter_wordWithLetterAndSpace\n    MethodSource [className = 'original.CheckIfLastCharIsALetter_4_1Test', methodName = 'testCheckIfLastCharIsALetter_wordWithLetterAndSpace', methodParameterTypes = '']\n    => java.lang.AssertionError\n       org.junit.Assert.fail(Assert.java:87)\n       org.junit.Assert.assertTrue(Assert.java:42)\n       org.junit.Assert.assertTrue(Assert.java:53)\n       original.CheckIfLastCharIsALetter_4_1Test.testCheckIfLastCharIsALetter_wordWithLetterAndSpace(CheckIfLastCharIsALetter_4_1Test.java:45)\n       java.base/jdk.internal.reflect.NativeMethodAccessorImpl.invoke0(Native Method)\n       java.base/jdk.internal.reflect.NativeMethodAccessorImpl.invoke(NativeMethodAccessorImpl.java:62)\n       java.base/jdk.internal.reflect.DelegatingMethodAccessorImpl.invoke(DelegatingMethodAccessorImpl.java:43)\n       java.base/java.lang.reflect.Method.invoke(Method.java:566)\n       org.junit.runners.model.FrameworkMethod$1.runReflectiveCall(FrameworkMethod.java:59)\n       org.junit.internal.runners.model.ReflectiveCallable.run(ReflectiveCallable.java:12)\n       [...]\n\nTest run finished after 45 ms\n[         4 containers found      ]\n[         0 containers skipped    ]\n[         4 containers started    ]\n[         0 containers aborted    ]\n[         4 containers successful ]\n[         0 containers failed     ]\n[        13 tests found           ]\n[         0 tests skipped         ]\n[        13 tests started         ]\n[         0 tests aborted         ]\n[         7 tests successful      ]\n[         6 tests failed          ]\n\n"}