{"has_code": true, "source_code": "package original;\nimport java.util.Collections;\nimport java.util.Comparator;\n\nimport org.junit.Test;\nimport static org.junit.Assert.*;\nimport java.util.ArrayList;\nimport java.util.Arrays;\nimport java.util.List;\n\npublic class UniqueDigitsTest {\n\n    @Test\n    public void testUniqueDigits() {\n        List<Integer> input = new ArrayList<>(Arrays.asList(123, 456, 789, 246, 135));\n        List<Object> expected = new ArrayList<>(Arrays.asList(135, 789));\n        List<Object> result = UniqueDigits.uniqueDigits(input);\n        assertEquals(expected, result);\n    }\n\n    @Test\n    public void testUniqueDigits_NoEvenDigits() {\n        List<Integer> input = new ArrayList<>(Arrays.asList(111, 333, 555));\n        List<Object> expected = new ArrayList<>(Arrays.asList(111, 333, 555));\n        List<Object> result = UniqueDigits.uniqueDigits(input);\n        assertEquals(expected, result);\n    }\n\n    @Test\n    public void testUniqueDigits_EmptyList() {\n        List<Integer> input = new ArrayList<>();\n        List<Object> expected = new ArrayList<>();\n        List<Object> result = UniqueDigits.uniqueDigits(input);\n        assertEquals(expected, result);\n    }\n\n    @Test\n    public void testUniqueDigits_SingleElement() {\n        List<Integer> input = new ArrayList<>(Arrays.asList(246));\n        List<Object> expected = new ArrayList<>(Arrays.asList(246));\n        List<Object> result = UniqueDigits.uniqueDigits(input);\n        assertEquals(expected, result);\n    }\n}", "has_syntactic_error": false, "runtime_error": "\nFailures (2):\n  JUnit Vintage:UniqueDigits_159_1Test:testUniqueDigits\n    MethodSource [className = 'original.UniqueDigits_159_1Test', methodName = 'testUniqueDigits', methodParameterTypes = '']\n    => java.lang.AssertionError: expected:<[135, 789]> but was:<[135]>\n       org.junit.Assert.fail(Assert.java:89)\n       org.junit.Assert.failNotEquals(Assert.java:835)\n       org.junit.Assert.assertEquals(Assert.java:120)\n       org.junit.Assert.assertEquals(Assert.java:146)\n       original.UniqueDigits_159_1Test.testUniqueDigits(UniqueDigits_159_1Test.java:18)\n       java.base/jdk.internal.reflect.NativeMethodAccessorImpl.invoke0(Native Method)\n       java.base/jdk.internal.reflect.NativeMethodAccessorImpl.invoke(NativeMethodAccessorImpl.java:62)\n       java.base/jdk.internal.reflect.DelegatingMethodAccessorImpl.invoke(DelegatingMethodAccessorImpl.java:43)\n       java.base/java.lang.reflect.Method.invoke(Method.java:566)\n       org.junit.runners.model.FrameworkMethod$1.runReflectiveCall(FrameworkMethod.java:59)\n       [...]\n  JUnit Vintage:UniqueDigits_159_1Test:testUniqueDigits_SingleElement\n    MethodSource [className = 'original.UniqueDigits_159_1Test', methodName = 'testUniqueDigits_SingleElement', methodParameterTypes = '']\n    => java.lang.AssertionError: expected:<[246]> but was:<[]>\n       org.junit.Assert.fail(Assert.java:89)\n       org.junit.Assert.failNotEquals(Assert.java:835)\n       org.junit.Assert.assertEquals(Assert.java:120)\n       org.junit.Assert.assertEquals(Assert.java:146)\n       original.UniqueDigits_159_1Test.testUniqueDigits_SingleElement(UniqueDigits_159_1Test.java:42)\n       java.base/jdk.internal.reflect.NativeMethodAccessorImpl.invoke0(Native Method)\n       java.base/jdk.internal.reflect.NativeMethodAccessorImpl.invoke(NativeMethodAccessorImpl.java:62)\n       java.base/jdk.internal.reflect.DelegatingMethodAccessorImpl.invoke(DelegatingMethodAccessorImpl.java:43)\n       java.base/java.lang.reflect.Method.invoke(Method.java:566)\n       org.junit.runners.model.FrameworkMethod$1.runReflectiveCall(FrameworkMethod.java:59)\n       [...]\n\nTest run finished after 45 ms\n[         4 containers found      ]\n[         0 containers skipped    ]\n[         4 containers started    ]\n[         0 containers aborted    ]\n[         4 containers successful ]\n[         0 containers failed     ]\n[         4 tests found           ]\n[         0 tests skipped         ]\n[         4 tests started         ]\n[         0 tests aborted         ]\n[         2 tests successful      ]\n[         2 tests failed          ]\n\n"}