
Failures (2):
  JUnit Vintage:AddElements_165_1Test:testAddElementsWithKGreaterThanListSize
    MethodSource [className = 'original.AddElements_165_1Test', methodName = 'testAddElementsWithKGreaterThanListSize', methodParameterTypes = '']
    => java.lang.AssertionError: expected:<425> but was:<125>
       org.junit.Assert.fail(Assert.java:89)
       org.junit.Assert.failNotEquals(Assert.java:835)
       org.junit.Assert.assertEquals(Assert.java:647)
       org.junit.Assert.assertEquals(Assert.java:633)
       original.AddElements_165_1Test.testAddElementsWithKGreaterThanListSize(AddElements_165_1Test.java:86)
       java.base/jdk.internal.reflect.NativeMethodAccessorImpl.invoke0(Native Method)
       java.base/jdk.internal.reflect.NativeMethodAccessorImpl.invoke(NativeMethodAccessorImpl.java:62)
       java.base/jdk.internal.reflect.DelegatingMethodAccessorImpl.invoke(DelegatingMethodAccessorImpl.java:43)
       java.base/java.lang.reflect.Method.invoke(Method.java:566)
       org.junit.runners.model.FrameworkMethod$1.runReflectiveCall(FrameworkMethod.java:59)
       [...]
  JUnit Vintage:AddElements_165_1Test:testAddElementsWithEmptyList
    MethodSource [className = 'original.AddElements_165_1Test', methodName = 'testAddElementsWithEmptyList', methodParameterTypes = '']
    => java.lang.IndexOutOfBoundsException: Index 0 out of bounds for length 0
       java.base/jdk.internal.util.Preconditions.outOfBounds(Preconditions.java:64)
       java.base/jdk.internal.util.Preconditions.outOfBoundsCheckIndex(Preconditions.java:70)
       java.base/jdk.internal.util.Preconditions.checkIndex(Preconditions.java:248)
       java.base/java.util.Objects.checkIndex(Objects.java:372)
       java.base/java.util.ArrayList.get(ArrayList.java:459)
       original.AddElements.addElements(id_122.java:35)
       original.AddElements_165_1Test.testAddElementsWithEmptyList(AddElements_165_1Test.java:33)
       java.base/jdk.internal.reflect.NativeMethodAccessorImpl.invoke0(Native Method)
       java.base/jdk.internal.reflect.NativeMethodAccessorImpl.invoke(NativeMethodAccessorImpl.java:62)
       java.base/jdk.internal.reflect.DelegatingMethodAccessorImpl.invoke(DelegatingMethodAccessorImpl.java:43)
       [...]

Test run finished after 48 ms
[         4 containers found      ]
[         0 containers skipped    ]
[         4 containers started    ]
[         0 containers aborted    ]
[         4 containers successful ]
[         0 containers failed     ]
[         6 tests found           ]
[         0 tests skipped         ]
[         6 tests started         ]
[         0 tests aborted         ]
[         4 tests successful      ]
[         2 tests failed          ]

