{"has_code": true, "source_code": "package original;\nimport org.junit.Test;\nimport static org.junit.Assert.assertEquals;\nimport java.util.List;\n\npublic class EvenOddCountTest {\n\n    @Test\n    public void testEvenOddCount() {\n        // Test case 1: num = -12\n        List<Integer> result1 = EvenOddCount.evenOddCount(-12);\n        assertEquals(Arrays.asList(1, 1), result1);\n\n        // Test case 2: num = 123\n        List<Integer> result2 = EvenOddCount.evenOddCount(123);\n        assertEquals(Arrays.asList(1, 2), result2);\n\n        // Test case 3: num = 7\n        List<Integer> result3 = EvenOddCount.evenOddCount(7);\n        assertEquals(Arrays.asList(0, 1), result3);\n\n        // Test case 4: num = -78\n        List<Integer> result4 = EvenOddCount.evenOddCount(-78);\n        assertEquals(Arrays.asList(1, 1), result4);\n\n        // Test case 5: num = 3452\n        List<Integer> result5 = EvenOddCount.evenOddCount(3452);\n        assertEquals(Arrays.asList(2, 2), result5);\n\n        // Test case 6: num = 346211\n        List<Integer> result6 = EvenOddCount.evenOddCount(346211);\n        assertEquals(Arrays.asList(3, 3), result6);\n\n        // Test case 7: num = -345821\n        List<Integer> result7 = EvenOddCount.evenOddCount(-345821);\n        assertEquals(Arrays.asList(3, 3), result7);\n\n        // Test case 8: num = -2\n        List<Integer> result8 = EvenOddCount.evenOddCount(-2);\n        assertEquals(Arrays.asList(1, 0), result8);\n\n        // Test case 9: num = -45347\n        List<Integer> result9 = EvenOddCount.evenOddCount(-45347);\n        assertEquals(Arrays.asList(2, 3), result9);\n\n        // Test case 10: num = 0\n        List<Integer> result10 = EvenOddCount.evenOddCount(0);\n        assertEquals(Arrays.asList(1, 0), result10);\n    }\n}", "has_syntactic_error": false, "compile_error": "/home/minbao/PycharmProject/ChatUniTest-main/result/scope_test%20231229223957%/13%original%EvenOddCount%evenOddCount%d1/1/temp/EvenOddCount_13_1Test.java:12: error: cannot find symbol\n        assertEquals(Arrays.asList(1, 1), result1);\n                     ^\n  symbol:   variable Arrays\n  location: class EvenOddCount_13_1Test\n/home/minbao/PycharmProject/ChatUniTest-main/result/scope_test%20231229223957%/13%original%EvenOddCount%evenOddCount%d1/1/temp/EvenOddCount_13_1Test.java:16: error: cannot find symbol\n        assertEquals(Arrays.asList(1, 2), result2);\n                     ^\n  symbol:   variable Arrays\n  location: class EvenOddCount_13_1Test\n/home/minbao/PycharmProject/ChatUniTest-main/result/scope_test%20231229223957%/13%original%EvenOddCount%evenOddCount%d1/1/temp/EvenOddCount_13_1Test.java:20: error: cannot find symbol\n        assertEquals(Arrays.asList(0, 1), result3);\n                     ^\n  symbol:   variable Arrays\n  location: class EvenOddCount_13_1Test\n/home/minbao/PycharmProject/ChatUniTest-main/result/scope_test%20231229223957%/13%original%EvenOddCount%evenOddCount%d1/1/temp/EvenOddCount_13_1Test.java:24: error: cannot find symbol\n        assertEquals(Arrays.asList(1, 1), result4);\n                     ^\n  symbol:   variable Arrays\n  location: class EvenOddCount_13_1Test\n/home/minbao/PycharmProject/ChatUniTest-main/result/scope_test%20231229223957%/13%original%EvenOddCount%evenOddCount%d1/1/temp/EvenOddCount_13_1Test.java:28: error: cannot find symbol\n        assertEquals(Arrays.asList(2, 2), result5);\n                     ^\n  symbol:   variable Arrays\n  location: class EvenOddCount_13_1Test\n/home/minbao/PycharmProject/ChatUniTest-main/result/scope_test%20231229223957%/13%original%EvenOddCount%evenOddCount%d1/1/temp/EvenOddCount_13_1Test.java:32: error: cannot find symbol\n        assertEquals(Arrays.asList(3, 3), result6);\n                     ^\n  symbol:   variable Arrays\n  location: class EvenOddCount_13_1Test\n/home/minbao/PycharmProject/ChatUniTest-main/result/scope_test%20231229223957%/13%original%EvenOddCount%evenOddCount%d1/1/temp/EvenOddCount_13_1Test.java:36: error: cannot find symbol\n        assertEquals(Arrays.asList(3, 3), result7);\n                     ^\n  symbol:   variable Arrays\n  location: class EvenOddCount_13_1Test\n/home/minbao/PycharmProject/ChatUniTest-main/result/scope_test%20231229223957%/13%original%EvenOddCount%evenOddCount%d1/1/temp/EvenOddCount_13_1Test.java:40: error: cannot find symbol\n        assertEquals(Arrays.asList(1, 0), result8);\n                     ^\n  symbol:   variable Arrays\n  location: class EvenOddCount_13_1Test\n/home/minbao/PycharmProject/ChatUniTest-main/result/scope_test%20231229223957%/13%original%EvenOddCount%evenOddCount%d1/1/temp/EvenOddCount_13_1Test.java:44: error: cannot find symbol\n        assertEquals(Arrays.asList(2, 3), result9);\n                     ^\n  symbol:   variable Arrays\n  location: class EvenOddCount_13_1Test\n/home/minbao/PycharmProject/ChatUniTest-main/result/scope_test%20231229223957%/13%original%EvenOddCount%evenOddCount%d1/1/temp/EvenOddCount_13_1Test.java:48: error: cannot find symbol\n        assertEquals(Arrays.asList(1, 0), result10);\n                     ^\n  symbol:   variable Arrays\n  location: class EvenOddCount_13_1Test\n10 errors\n"}