{"has_code": true, "source_code": "package original;\nimport java.util.ArrayList;\n\nimport org.junit.Test;\nimport static org.junit.Assert.*;\nimport java.util.List;\n\npublic class EvenOddPalindromeTest {\n\n    @Test\n    public void testEvenOddPalindrome() {\n        List<Integer> result = EvenOddPalindrome.evenOddPalindrome(10);\n        assertEquals(4, (int) result.get(0));\n        assertEquals(5, (int) result.get(1));\n    }\n\n    @Test\n    public void testEvenOddPalindromeWithZero() {\n        List<Integer> result = EvenOddPalindrome.evenOddPalindrome(0);\n        assertEquals(1, (int) result.get(0));\n        assertEquals(0, (int) result.get(1));\n    }\n\n    @Test\n    public void testEvenOddPalindromeWithNegativeNumber() {\n        List<Integer> result = EvenOddPalindrome.evenOddPalindrome(-10);\n        assertEquals(0, (int) result.get(0));\n        assertEquals(0, (int) result.get(1));\n    }\n\n    @Test\n    public void testEvenOddPalindromeWithLargeNumber() {\n        List<Integer> result = EvenOddPalindrome.evenOddPalindrome(1000);\n        assertEquals(48, (int) result.get(0));\n        assertEquals(55, (int) result.get(1));\n    }\n}", "has_syntactic_error": false, "runtime_error": "\nFailures (2):\n  JUnit Vintage:EvenOddPalindrome_90_1Test:testEvenOddPalindromeWithLargeNumber\n    MethodSource [className = 'original.EvenOddPalindrome_90_1Test', methodName = 'testEvenOddPalindromeWithLargeNumber', methodParameterTypes = '']\n    => java.lang.AssertionError: expected:<55> but was:<60>\n       org.junit.Assert.fail(Assert.java:89)\n       org.junit.Assert.failNotEquals(Assert.java:835)\n       org.junit.Assert.assertEquals(Assert.java:647)\n       org.junit.Assert.assertEquals(Assert.java:633)\n       original.EvenOddPalindrome_90_1Test.testEvenOddPalindromeWithLargeNumber(EvenOddPalindrome_90_1Test.java:35)\n       java.base/jdk.internal.reflect.NativeMethodAccessorImpl.invoke0(Native Method)\n       java.base/jdk.internal.reflect.NativeMethodAccessorImpl.invoke(NativeMethodAccessorImpl.java:62)\n       java.base/jdk.internal.reflect.DelegatingMethodAccessorImpl.invoke(DelegatingMethodAccessorImpl.java:43)\n       java.base/java.lang.reflect.Method.invoke(Method.java:566)\n       org.junit.runners.model.FrameworkMethod$1.runReflectiveCall(FrameworkMethod.java:59)\n       [...]\n  JUnit Vintage:EvenOddPalindrome_90_1Test:testEvenOddPalindromeWithZero\n    MethodSource [className = 'original.EvenOddPalindrome_90_1Test', methodName = 'testEvenOddPalindromeWithZero', methodParameterTypes = '']\n    => java.lang.AssertionError: expected:<1> but was:<0>\n       org.junit.Assert.fail(Assert.java:89)\n       org.junit.Assert.failNotEquals(Assert.java:835)\n       org.junit.Assert.assertEquals(Assert.java:647)\n       org.junit.Assert.assertEquals(Assert.java:633)\n       original.EvenOddPalindrome_90_1Test.testEvenOddPalindromeWithZero(EvenOddPalindrome_90_1Test.java:20)\n       java.base/jdk.internal.reflect.NativeMethodAccessorImpl.invoke0(Native Method)\n       java.base/jdk.internal.reflect.NativeMethodAccessorImpl.invoke(NativeMethodAccessorImpl.java:62)\n       java.base/jdk.internal.reflect.DelegatingMethodAccessorImpl.invoke(DelegatingMethodAccessorImpl.java:43)\n       java.base/java.lang.reflect.Method.invoke(Method.java:566)\n       org.junit.runners.model.FrameworkMethod$1.runReflectiveCall(FrameworkMethod.java:59)\n       [...]\n\nTest run finished after 45 ms\n[         4 containers found      ]\n[         0 containers skipped    ]\n[         4 containers started    ]\n[         0 containers aborted    ]\n[         4 containers successful ]\n[         0 containers failed     ]\n[         4 tests found           ]\n[         0 tests skipped         ]\n[         4 tests started         ]\n[         0 tests aborted         ]\n[         2 tests successful      ]\n[         2 tests failed          ]\n\n"}