{"has_code": true, "source_code": "package original;\nimport org.junit.Test;\nimport static org.junit.Assert.*;\nimport java.util.ArrayList;\nimport java.util.Arrays;\nimport java.util.List;\n\npublic class SortedListSumTest {\n\n    @Test\n    public void testSortedListSum() {\n        List<String> lst = new ArrayList<>(Arrays.asList(\"abc\", \"defg\", \"hijkl\", \"mnopqr\", \"stuvwx\", \"yz\"));\n        List<Object> expected = new ArrayList<>(Arrays.asList(\"abc\", \"yz\", \"defg\", \"hijkl\"));\n        List<Object> result = SortedListSum.sortedListSum(lst);\n        assertEquals(expected, result);\n    }\n\n    @Test\n    public void testSortedListSum_EmptyList() {\n        List<String> lst = new ArrayList<>();\n        List<Object> expected = new ArrayList<>();\n        List<Object> result = SortedListSum.sortedListSum(lst);\n        assertEquals(expected, result);\n    }\n\n    @Test\n    public void testSortedListSum_AllOddLength() {\n        List<String> lst = new ArrayList<>(Arrays.asList(\"a\", \"abc\", \"def\", \"ghij\"));\n        List<Object> expected = new ArrayList<>();\n        List<Object> result = SortedListSum.sortedListSum(lst);\n        assertEquals(expected, result);\n    }\n\n    @Test\n    public void testSortedListSum_AllEvenLength() {\n        List<String> lst = new ArrayList<>(Arrays.asList(\"ab\", \"cd\", \"ef\", \"gh\"));\n        List<Object> expected = new ArrayList<>(Arrays.asList(\"ab\", \"cd\", \"ef\", \"gh\"));\n        List<Object> result = SortedListSum.sortedListSum(lst);\n        assertEquals(expected, result);\n    }\n}", "has_syntactic_error": false, "runtime_error": "\nFailures (2):\n  JUnit Vintage:SortedListSum_67_1Test:testSortedListSum_AllOddLength\n    MethodSource [className = 'original.SortedListSum_67_1Test', methodName = 'testSortedListSum_AllOddLength', methodParameterTypes = '']\n    => java.lang.AssertionError: expected:<[]> but was:<[ghij]>\n       org.junit.Assert.fail(Assert.java:89)\n       org.junit.Assert.failNotEquals(Assert.java:835)\n       org.junit.Assert.assertEquals(Assert.java:120)\n       org.junit.Assert.assertEquals(Assert.java:146)\n       original.SortedListSum_67_1Test.testSortedListSum_AllOddLength(SortedListSum_67_1Test.java:31)\n       java.base/jdk.internal.reflect.NativeMethodAccessorImpl.invoke0(Native Method)\n       java.base/jdk.internal.reflect.NativeMethodAccessorImpl.invoke(NativeMethodAccessorImpl.java:62)\n       java.base/jdk.internal.reflect.DelegatingMethodAccessorImpl.invoke(DelegatingMethodAccessorImpl.java:43)\n       java.base/java.lang.reflect.Method.invoke(Method.java:566)\n       org.junit.runners.model.FrameworkMethod$1.runReflectiveCall(FrameworkMethod.java:59)\n       [...]\n  JUnit Vintage:SortedListSum_67_1Test:testSortedListSum\n    MethodSource [className = 'original.SortedListSum_67_1Test', methodName = 'testSortedListSum', methodParameterTypes = '']\n    => java.lang.AssertionError: expected:<[abc, yz, defg, hijkl]> but was:<[yz, defg, mnopqr, stuvwx]>\n       org.junit.Assert.fail(Assert.java:89)\n       org.junit.Assert.failNotEquals(Assert.java:835)\n       org.junit.Assert.assertEquals(Assert.java:120)\n       org.junit.Assert.assertEquals(Assert.java:146)\n       original.SortedListSum_67_1Test.testSortedListSum(SortedListSum_67_1Test.java:15)\n       java.base/jdk.internal.reflect.NativeMethodAccessorImpl.invoke0(Native Method)\n       java.base/jdk.internal.reflect.NativeMethodAccessorImpl.invoke(NativeMethodAccessorImpl.java:62)\n       java.base/jdk.internal.reflect.DelegatingMethodAccessorImpl.invoke(DelegatingMethodAccessorImpl.java:43)\n       java.base/java.lang.reflect.Method.invoke(Method.java:566)\n       org.junit.runners.model.FrameworkMethod$1.runReflectiveCall(FrameworkMethod.java:59)\n       [...]\n\nTest run finished after 43 ms\n[         4 containers found      ]\n[         0 containers skipped    ]\n[         4 containers started    ]\n[         0 containers aborted    ]\n[         4 containers successful ]\n[         0 containers failed     ]\n[         4 tests found           ]\n[         0 tests skipped         ]\n[         4 tests started         ]\n[         0 tests aborted         ]\n[         2 tests successful      ]\n[         2 tests failed          ]\n\n"}