{"has_code": true, "source_code": "package original;\n\nimport org.junit.Test;\nimport static org.junit.Assert.*;\n\npublic class DigitsumTest {\n\n    @Test\n    public void testDigitSum_emptyString() {\n        int result = Digitsum.digitSum(\"\");\n        assertEquals(0, result);\n    }\n\n    @Test\n    public void testDigitSum_onlyLowercase() {\n        int result = Digitsum.digitSum(\"abc\");\n        assertEquals(0, result);\n    }\n\n    @Test\n    public void testDigitSum_onlyUppercase() {\n        int result = Digitsum.digitSum(\"ABCD\");\n        assertEquals(326, result);\n    }\n\n    @Test\n    public void testDigitSum_mixedCase() {\n        int result = Digitsum.digitSum(\"aAbBcCdD\");\n        assertEquals(326, result);\n    }\n\n    @Test\n    public void testDigitSum_specialCharacters() {\n        int result = Digitsum.digitSum(\"!@#$%^&*()\");\n        assertEquals(0, result);\n    }\n\n    @Test\n    public void testDigitSum_numbers() {\n        int result = Digitsum.digitSum(\"1234567890\");\n        assertEquals(0, result);\n    }\n\n    @Test\n    public void testDigitSum_mixedCaseWithNumbers() {\n        int result = Digitsum.digitSum(\"aA1bB2cC3dD4\");\n        assertEquals(326, result);\n    }\n}", "has_syntactic_error": false, "runtime_error": "\nFailures (3):\n  JUnit Vintage:Digitsum_31_1Test:testDigitSum_mixedCase\n    MethodSource [className = 'original.Digitsum_31_1Test', methodName = 'testDigitSum_mixedCase', methodParameterTypes = '']\n    => java.lang.AssertionError: expected:<326> but was:<266>\n       org.junit.Assert.fail(Assert.java:89)\n       org.junit.Assert.failNotEquals(Assert.java:835)\n       org.junit.Assert.assertEquals(Assert.java:647)\n       org.junit.Assert.assertEquals(Assert.java:633)\n       original.Digitsum_31_1Test.testDigitSum_mixedCase(Digitsum_31_1Test.java:29)\n       java.base/jdk.internal.reflect.NativeMethodAccessorImpl.invoke0(Native Method)\n       java.base/jdk.internal.reflect.NativeMethodAccessorImpl.invoke(NativeMethodAccessorImpl.java:62)\n       java.base/jdk.internal.reflect.DelegatingMethodAccessorImpl.invoke(DelegatingMethodAccessorImpl.java:43)\n       java.base/java.lang.reflect.Method.invoke(Method.java:566)\n       org.junit.runners.model.FrameworkMethod$1.runReflectiveCall(FrameworkMethod.java:59)\n       [...]\n  JUnit Vintage:Digitsum_31_1Test:testDigitSum_mixedCaseWithNumbers\n    MethodSource [className = 'original.Digitsum_31_1Test', methodName = 'testDigitSum_mixedCaseWithNumbers', methodParameterTypes = '']\n    => java.lang.AssertionError: expected:<326> but was:<266>\n       org.junit.Assert.fail(Assert.java:89)\n       org.junit.Assert.failNotEquals(Assert.java:835)\n       org.junit.Assert.assertEquals(Assert.java:647)\n       org.junit.Assert.assertEquals(Assert.java:633)\n       original.Digitsum_31_1Test.testDigitSum_mixedCaseWithNumbers(Digitsum_31_1Test.java:47)\n       java.base/jdk.internal.reflect.NativeMethodAccessorImpl.invoke0(Native Method)\n       java.base/jdk.internal.reflect.NativeMethodAccessorImpl.invoke(NativeMethodAccessorImpl.java:62)\n       java.base/jdk.internal.reflect.DelegatingMethodAccessorImpl.invoke(DelegatingMethodAccessorImpl.java:43)\n       java.base/java.lang.reflect.Method.invoke(Method.java:566)\n       org.junit.runners.model.FrameworkMethod$1.runReflectiveCall(FrameworkMethod.java:59)\n       [...]\n  JUnit Vintage:Digitsum_31_1Test:testDigitSum_onlyUppercase\n    MethodSource [className = 'original.Digitsum_31_1Test', methodName = 'testDigitSum_onlyUppercase', methodParameterTypes = '']\n    => java.lang.AssertionError: expected:<326> but was:<266>\n       org.junit.Assert.fail(Assert.java:89)\n       org.junit.Assert.failNotEquals(Assert.java:835)\n       org.junit.Assert.assertEquals(Assert.java:647)\n       org.junit.Assert.assertEquals(Assert.java:633)\n       original.Digitsum_31_1Test.testDigitSum_onlyUppercase(Digitsum_31_1Test.java:23)\n       java.base/jdk.internal.reflect.NativeMethodAccessorImpl.invoke0(Native Method)\n       java.base/jdk.internal.reflect.NativeMethodAccessorImpl.invoke(NativeMethodAccessorImpl.java:62)\n       java.base/jdk.internal.reflect.DelegatingMethodAccessorImpl.invoke(DelegatingMethodAccessorImpl.java:43)\n       java.base/java.lang.reflect.Method.invoke(Method.java:566)\n       org.junit.runners.model.FrameworkMethod$1.runReflectiveCall(FrameworkMethod.java:59)\n       [...]\n\nTest run finished after 49 ms\n[         4 containers found      ]\n[         0 containers skipped    ]\n[         4 containers started    ]\n[         0 containers aborted    ]\n[         4 containers successful ]\n[         0 containers failed     ]\n[         7 tests found           ]\n[         0 tests skipped         ]\n[         7 tests started         ]\n[         0 tests aborted         ]\n[         4 tests successful      ]\n[         3 tests failed          ]\n\n"}