{"has_code": true, "source_code": "package original;\n\nimport org.junit.Test;\nimport static org.junit.Assert.*;\n\npublic class SpecialFactorialTest {\n\n    @Test\n    public void testSpecialFactorial() {\n        // Test case 1: n = 0\n        assertEquals(1, SpecialFactorial.specialFactorial(0));\n\n        // Test case 2: n = 1\n        assertEquals(1, SpecialFactorial.specialFactorial(1));\n\n        // Test case 3: n = 5\n        assertEquals(120, SpecialFactorial.specialFactorial(5));\n\n        // Test case 4: n = 10\n        assertEquals(3628800, SpecialFactorial.specialFactorial(10));\n    }\n\n    @Test\n    public void testFactorial() {\n        // Test case 1: n = 0\n        assertEquals(1, SpecialFactorial.factorial(0));\n\n        // Test case 2: n = 1\n        assertEquals(1, SpecialFactorial.factorial(1));\n\n        // Test case 3: n = 5\n        assertEquals(120, SpecialFactorial.factorial(5));\n\n        // Test case 4: n = 10\n        assertEquals(3628800, SpecialFactorial.factorial(10));\n    }\n\n    private static long factorial(int n) {\n        long res = 1;\n        for (int i = 1; i <= n; i++) {\n            res *= i;\n        }\n        return res;\n    }\n}", "has_syntactic_error": false, "compile_error": "/home/minbao/PycharmProject/ChatUniTest-main/result/scope_test%20231224102924%/123%original%SpecialFactorial%specialFactorial%d1/1/temp/SpecialFactorial_123_1Test.java:26: error: factorial(int) has private access in SpecialFactorial\n        assertEquals(1, SpecialFactorial.factorial(0));\n                                        ^\n/home/minbao/PycharmProject/ChatUniTest-main/result/scope_test%20231224102924%/123%original%SpecialFactorial%specialFactorial%d1/1/temp/SpecialFactorial_123_1Test.java:29: error: factorial(int) has private access in SpecialFactorial\n        assertEquals(1, SpecialFactorial.factorial(1));\n                                        ^\n/home/minbao/PycharmProject/ChatUniTest-main/result/scope_test%20231224102924%/123%original%SpecialFactorial%specialFactorial%d1/1/temp/SpecialFactorial_123_1Test.java:32: error: factorial(int) has private access in SpecialFactorial\n        assertEquals(120, SpecialFactorial.factorial(5));\n                                          ^\n/home/minbao/PycharmProject/ChatUniTest-main/result/scope_test%20231224102924%/123%original%SpecialFactorial%specialFactorial%d1/1/temp/SpecialFactorial_123_1Test.java:35: error: factorial(int) has private access in SpecialFactorial\n        assertEquals(3628800, SpecialFactorial.factorial(10));\n                                              ^\n4 errors\n"}