{"has_code": true, "source_code": "package original;\n\nimport org.junit.Test;\nimport static org.junit.Assert.*;\nimport java.util.List;\nimport java.util.ArrayList;\n\npublic class ParseNestedParensTest {\n\n    @Test\n    public void testParseNestedParens() {\n        List<Integer> expected = new ArrayList<>();\n        expected.add(2);\n        expected.add(1);\n        expected.add(3);\n\n        List<Integer> result = ParseNestedParens.parseNestedParens(\"((())())\");\n\n        assertEquals(expected, result);\n    }\n\n    @Test\n    public void testParseNestedParens_EmptyString() {\n        List<Integer> expected = new ArrayList<>();\n\n        List<Integer> result = ParseNestedParens.parseNestedParens(\"\");\n\n        assertEquals(expected, result);\n    }\n\n    @Test\n    public void testParseNestedParens_NoNestedParens() {\n        List<Integer> expected = new ArrayList<>();\n        expected.add(0);\n\n        List<Integer> result = ParseNestedParens.parseNestedParens(\"()()()\");\n\n        assertEquals(expected, result);\n    }\n\n    @Test\n    public void testParseNestedParens_SingleNestedParen() {\n        List<Integer> expected = new ArrayList<>();\n        expected.add(2);\n\n        List<Integer> result = ParseNestedParens.parseNestedParens(\"(()())\");\n\n        assertEquals(expected, result);\n    }\n}", "has_syntactic_error": false, "runtime_error": "\nFailures (2):\n  JUnit Vintage:ParseNestedParens_140_1Test:testParseNestedParens\n    MethodSource [className = 'original.ParseNestedParens_140_1Test', methodName = 'testParseNestedParens', methodParameterTypes = '']\n    => java.lang.AssertionError: expected:<[2, 1, 3]> but was:<[3]>\n       org.junit.Assert.fail(Assert.java:89)\n       org.junit.Assert.failNotEquals(Assert.java:835)\n       org.junit.Assert.assertEquals(Assert.java:120)\n       org.junit.Assert.assertEquals(Assert.java:146)\n       original.ParseNestedParens_140_1Test.testParseNestedParens(ParseNestedParens_140_1Test.java:19)\n       java.base/jdk.internal.reflect.NativeMethodAccessorImpl.invoke0(Native Method)\n       java.base/jdk.internal.reflect.NativeMethodAccessorImpl.invoke(NativeMethodAccessorImpl.java:62)\n       java.base/jdk.internal.reflect.DelegatingMethodAccessorImpl.invoke(DelegatingMethodAccessorImpl.java:43)\n       java.base/java.lang.reflect.Method.invoke(Method.java:566)\n       org.junit.runners.model.FrameworkMethod$1.runReflectiveCall(FrameworkMethod.java:59)\n       [...]\n  JUnit Vintage:ParseNestedParens_140_1Test:testParseNestedParens_NoNestedParens\n    MethodSource [className = 'original.ParseNestedParens_140_1Test', methodName = 'testParseNestedParens_NoNestedParens', methodParameterTypes = '']\n    => java.lang.AssertionError: expected:<[0]> but was:<[1, 1, 1]>\n       org.junit.Assert.fail(Assert.java:89)\n       org.junit.Assert.failNotEquals(Assert.java:835)\n       org.junit.Assert.assertEquals(Assert.java:120)\n       org.junit.Assert.assertEquals(Assert.java:146)\n       original.ParseNestedParens_140_1Test.testParseNestedParens_NoNestedParens(ParseNestedParens_140_1Test.java:38)\n       java.base/jdk.internal.reflect.NativeMethodAccessorImpl.invoke0(Native Method)\n       java.base/jdk.internal.reflect.NativeMethodAccessorImpl.invoke(NativeMethodAccessorImpl.java:62)\n       java.base/jdk.internal.reflect.DelegatingMethodAccessorImpl.invoke(DelegatingMethodAccessorImpl.java:43)\n       java.base/java.lang.reflect.Method.invoke(Method.java:566)\n       org.junit.runners.model.FrameworkMethod$1.runReflectiveCall(FrameworkMethod.java:59)\n       [...]\n\nTest run finished after 47 ms\n[         4 containers found      ]\n[         0 containers skipped    ]\n[         4 containers started    ]\n[         0 containers aborted    ]\n[         4 containers successful ]\n[         0 containers failed     ]\n[         4 tests found           ]\n[         0 tests skipped         ]\n[         4 tests started         ]\n[         0 tests aborted         ]\n[         2 tests successful      ]\n[         2 tests failed          ]\n\n"}