{"has_code": true, "source_code": "package original;\n\nimport org.junit.Test;\nimport static org.junit.Assert.*;\nimport java.util.List;\n\npublic class GenerateIntegersTest {\n\n    @Test\n    public void testGenerateIntegers() {\n        List<Object> expected = List.of(2, 4, 6, 8);\n        List<Object> actual = GenerateIntegers.generateIntegers(3, 7);\n        assertEquals(expected, actual);\n    }\n\n    @Test\n    public void testGenerateIntegersWithSameValues() {\n        List<Object> expected = List.of(2, 4, 6, 8);\n        List<Object> actual = GenerateIntegers.generateIntegers(5, 5);\n        assertEquals(expected, actual);\n    }\n\n    @Test\n    public void testGenerateIntegersWithReversedValues() {\n        List<Object> expected = List.of(2, 4, 6, 8);\n        List<Object> actual = GenerateIntegers.generateIntegers(7, 3);\n        assertEquals(expected, actual);\n    }\n\n    @Test\n    public void testGenerateIntegersWithLowerValueGreaterThan8() {\n        List<Object> expected = List.of();\n        List<Object> actual = GenerateIntegers.generateIntegers(10, 7);\n        assertEquals(expected, actual);\n    }\n\n    @Test\n    public void testGenerateIntegersWithUpperValueLessThan2() {\n        List<Object> expected = List.of();\n        List<Object> actual = GenerateIntegers.generateIntegers(3, 1);\n        assertEquals(expected, actual);\n    }\n}", "has_syntactic_error": false, "runtime_error": "\nFailures (5):\n  JUnit Vintage:GenerateIntegers_73_1Test:testGenerateIntegersWithUpperValueLessThan2\n    MethodSource [className = 'original.GenerateIntegers_73_1Test', methodName = 'testGenerateIntegersWithUpperValueLessThan2', methodParameterTypes = '']\n    => java.lang.AssertionError: expected:<[]> but was:<[2]>\n       org.junit.Assert.fail(Assert.java:89)\n       org.junit.Assert.failNotEquals(Assert.java:835)\n       org.junit.Assert.assertEquals(Assert.java:120)\n       org.junit.Assert.assertEquals(Assert.java:146)\n       original.GenerateIntegers_73_1Test.testGenerateIntegersWithUpperValueLessThan2(GenerateIntegers_73_1Test.java:41)\n       java.base/jdk.internal.reflect.NativeMethodAccessorImpl.invoke0(Native Method)\n       java.base/jdk.internal.reflect.NativeMethodAccessorImpl.invoke(NativeMethodAccessorImpl.java:62)\n       java.base/jdk.internal.reflect.DelegatingMethodAccessorImpl.invoke(DelegatingMethodAccessorImpl.java:43)\n       java.base/java.lang.reflect.Method.invoke(Method.java:566)\n       org.junit.runners.model.FrameworkMethod$1.runReflectiveCall(FrameworkMethod.java:59)\n       [...]\n  JUnit Vintage:GenerateIntegers_73_1Test:testGenerateIntegersWithReversedValues\n    MethodSource [className = 'original.GenerateIntegers_73_1Test', methodName = 'testGenerateIntegersWithReversedValues', methodParameterTypes = '']\n    => java.lang.AssertionError: expected:<[2, 4, 6, 8]> but was:<[4, 6]>\n       org.junit.Assert.fail(Assert.java:89)\n       org.junit.Assert.failNotEquals(Assert.java:835)\n       org.junit.Assert.assertEquals(Assert.java:120)\n       org.junit.Assert.assertEquals(Assert.java:146)\n       original.GenerateIntegers_73_1Test.testGenerateIntegersWithReversedValues(GenerateIntegers_73_1Test.java:27)\n       java.base/jdk.internal.reflect.NativeMethodAccessorImpl.invoke0(Native Method)\n       java.base/jdk.internal.reflect.NativeMethodAccessorImpl.invoke(NativeMethodAccessorImpl.java:62)\n       java.base/jdk.internal.reflect.DelegatingMethodAccessorImpl.invoke(DelegatingMethodAccessorImpl.java:43)\n       java.base/java.lang.reflect.Method.invoke(Method.java:566)\n       org.junit.runners.model.FrameworkMethod$1.runReflectiveCall(FrameworkMethod.java:59)\n       [...]\n  JUnit Vintage:GenerateIntegers_73_1Test:testGenerateIntegersWithSameValues\n    MethodSource [className = 'original.GenerateIntegers_73_1Test', methodName = 'testGenerateIntegersWithSameValues', methodParameterTypes = '']\n    => java.lang.AssertionError: expected:<[2, 4, 6, 8]> but was:<[]>\n       org.junit.Assert.fail(Assert.java:89)\n       org.junit.Assert.failNotEquals(Assert.java:835)\n       org.junit.Assert.assertEquals(Assert.java:120)\n       org.junit.Assert.assertEquals(Assert.java:146)\n       original.GenerateIntegers_73_1Test.testGenerateIntegersWithSameValues(GenerateIntegers_73_1Test.java:20)\n       java.base/jdk.internal.reflect.NativeMethodAccessorImpl.invoke0(Native Method)\n       java.base/jdk.internal.reflect.NativeMethodAccessorImpl.invoke(NativeMethodAccessorImpl.java:62)\n       java.base/jdk.internal.reflect.DelegatingMethodAccessorImpl.invoke(DelegatingMethodAccessorImpl.java:43)\n       java.base/java.lang.reflect.Method.invoke(Method.java:566)\n       org.junit.runners.model.FrameworkMethod$1.runReflectiveCall(FrameworkMethod.java:59)\n       [...]\n  JUnit Vintage:GenerateIntegers_73_1Test:testGenerateIntegersWithLowerValueGreaterThan8\n    MethodSource [className = 'original.GenerateIntegers_73_1Test', methodName = 'testGenerateIntegersWithLowerValueGreaterThan8', methodParameterTypes = '']\n    => java.lang.AssertionError: expected:<[]> but was:<[8]>\n       org.junit.Assert.fail(Assert.java:89)\n       org.junit.Assert.failNotEquals(Assert.java:835)\n       org.junit.Assert.assertEquals(Assert.java:120)\n       org.junit.Assert.assertEquals(Assert.java:146)\n       original.GenerateIntegers_73_1Test.testGenerateIntegersWithLowerValueGreaterThan8(GenerateIntegers_73_1Test.java:34)\n       java.base/jdk.internal.reflect.NativeMethodAccessorImpl.invoke0(Native Method)\n       java.base/jdk.internal.reflect.NativeMethodAccessorImpl.invoke(NativeMethodAccessorImpl.java:62)\n       java.base/jdk.internal.reflect.DelegatingMethodAccessorImpl.invoke(DelegatingMethodAccessorImpl.java:43)\n       java.base/java.lang.reflect.Method.invoke(Method.java:566)\n       org.junit.runners.model.FrameworkMethod$1.runReflectiveCall(FrameworkMethod.java:59)\n       [...]\n  JUnit Vintage:GenerateIntegers_73_1Test:testGenerateIntegers\n    MethodSource [className = 'original.GenerateIntegers_73_1Test', methodName = 'testGenerateIntegers', methodParameterTypes = '']\n    => java.lang.AssertionError: expected:<[2, 4, 6, 8]> but was:<[4, 6]>\n       org.junit.Assert.fail(Assert.java:89)\n       org.junit.Assert.failNotEquals(Assert.java:835)\n       org.junit.Assert.assertEquals(Assert.java:120)\n       org.junit.Assert.assertEquals(Assert.java:146)\n       original.GenerateIntegers_73_1Test.testGenerateIntegers(GenerateIntegers_73_1Test.java:13)\n       java.base/jdk.internal.reflect.NativeMethodAccessorImpl.invoke0(Native Method)\n       java.base/jdk.internal.reflect.NativeMethodAccessorImpl.invoke(NativeMethodAccessorImpl.java:62)\n       java.base/jdk.internal.reflect.DelegatingMethodAccessorImpl.invoke(DelegatingMethodAccessorImpl.java:43)\n       java.base/java.lang.reflect.Method.invoke(Method.java:566)\n       org.junit.runners.model.FrameworkMethod$1.runReflectiveCall(FrameworkMethod.java:59)\n       [...]\n\nTest run finished after 46 ms\n[         4 containers found      ]\n[         0 containers skipped    ]\n[         4 containers started    ]\n[         0 containers aborted    ]\n[         4 containers successful ]\n[         0 containers failed     ]\n[         5 tests found           ]\n[         0 tests skipped         ]\n[         5 tests started         ]\n[         0 tests aborted         ]\n[         0 tests successful      ]\n[         5 tests failed          ]\n\n"}