{"has_code": true, "source_code": "package original;\nimport org.junit.Test;\nimport static org.junit.Assert.*;\nimport java.util.List;\nimport java.util.ArrayList;\n\npublic class ParseMusicTest {\n\n    @Test\n    public void testParseMusic() {\n        String musicString = \"o|o.o\";\n        List<Object> expected = new ArrayList<>();\n        expected.add(4);\n        expected.add(2);\n        expected.add(1);\n\n        List<Object> result = ParseMusic.parseMusic(musicString);\n\n        assertEquals(expected, result);\n    }\n\n    @Test\n    public void testParseMusicWithEmptyString() {\n        String musicString = \"\";\n        List<Object> expected = new ArrayList<>();\n\n        List<Object> result = ParseMusic.parseMusic(musicString);\n\n        assertEquals(expected, result);\n    }\n\n    @Test\n    public void testParseMusicWithNoSpecialCharacters() {\n        String musicString = \"abcdefg\";\n        List<Object> expected = new ArrayList<>();\n\n        List<Object> result = ParseMusic.parseMusic(musicString);\n\n        assertEquals(expected, result);\n    }\n\n    @Test\n    public void testParseMusicWithOnlyDots() {\n        String musicString = \".....\";\n        List<Object> expected = new ArrayList<>();\n        expected.add(1);\n        expected.add(1);\n        expected.add(1);\n        expected.add(1);\n        expected.add(1);\n\n        List<Object> result = ParseMusic.parseMusic(musicString);\n\n        assertEquals(expected, result);\n    }\n}", "has_syntactic_error": false, "runtime_error": "\nFailures (2):\n  JUnit Vintage:ParseMusic_129_1Test:testParseMusic\n    MethodSource [className = 'original.ParseMusic_129_1Test', methodName = 'testParseMusic', methodParameterTypes = '']\n    => java.lang.AssertionError: expected:<[4, 2, 1]> but was:<[2, 4, 1]>\n       org.junit.Assert.fail(Assert.java:89)\n       org.junit.Assert.failNotEquals(Assert.java:835)\n       org.junit.Assert.assertEquals(Assert.java:120)\n       org.junit.Assert.assertEquals(Assert.java:146)\n       original.ParseMusic_129_1Test.testParseMusic(ParseMusic_129_1Test.java:19)\n       java.base/jdk.internal.reflect.NativeMethodAccessorImpl.invoke0(Native Method)\n       java.base/jdk.internal.reflect.NativeMethodAccessorImpl.invoke(NativeMethodAccessorImpl.java:62)\n       java.base/jdk.internal.reflect.DelegatingMethodAccessorImpl.invoke(DelegatingMethodAccessorImpl.java:43)\n       java.base/java.lang.reflect.Method.invoke(Method.java:566)\n       org.junit.runners.model.FrameworkMethod$1.runReflectiveCall(FrameworkMethod.java:59)\n       [...]\n  JUnit Vintage:ParseMusic_129_1Test:testParseMusicWithOnlyDots\n    MethodSource [className = 'original.ParseMusic_129_1Test', methodName = 'testParseMusicWithOnlyDots', methodParameterTypes = '']\n    => java.lang.AssertionError: expected:<[1, 1, 1, 1, 1]> but was:<[1, 1, 1]>\n       org.junit.Assert.fail(Assert.java:89)\n       org.junit.Assert.failNotEquals(Assert.java:835)\n       org.junit.Assert.assertEquals(Assert.java:120)\n       org.junit.Assert.assertEquals(Assert.java:146)\n       original.ParseMusic_129_1Test.testParseMusicWithOnlyDots(ParseMusic_129_1Test.java:54)\n       java.base/jdk.internal.reflect.NativeMethodAccessorImpl.invoke0(Native Method)\n       java.base/jdk.internal.reflect.NativeMethodAccessorImpl.invoke(NativeMethodAccessorImpl.java:62)\n       java.base/jdk.internal.reflect.DelegatingMethodAccessorImpl.invoke(DelegatingMethodAccessorImpl.java:43)\n       java.base/java.lang.reflect.Method.invoke(Method.java:566)\n       org.junit.runners.model.FrameworkMethod$1.runReflectiveCall(FrameworkMethod.java:59)\n       [...]\n\nTest run finished after 44 ms\n[         4 containers found      ]\n[         0 containers skipped    ]\n[         4 containers started    ]\n[         0 containers aborted    ]\n[         4 containers successful ]\n[         0 containers failed     ]\n[         4 tests found           ]\n[         0 tests skipped         ]\n[         4 tests started         ]\n[         0 tests aborted         ]\n[         2 tests successful      ]\n[         2 tests failed          ]\n\n"}