{"has_code": true, "source_code": "package original;\n\nimport org.junit.Test;\nimport static org.junit.Assert.*;\n\nimport java.util.ArrayList;\nimport java.util.List;\n\npublic class FTest {\n\n    @Test\n    public void testSum() {\n        int n = 5;\n        int expected = 15;\n        int actual = F.sum(n);\n        assertEquals(expected, actual);\n    }\n\n    @Test\n    public void testSumWithZero() {\n        int n = 0;\n        int expected = 0;\n        int actual = F.sum(n);\n        assertEquals(expected, actual);\n    }\n\n    @Test\n    public void testSumWithNegativeNumber() {\n        int n = -5;\n        int expected = 0;\n        int actual = F.sum(n);\n        assertEquals(expected, actual);\n    }\n\n    @Test\n    public void testSumWithLargeNumber() {\n        long n = 1000000L;\n        long expected = 500000500000L;\n        long actual = F.sum((int) n);\n        assertEquals(expected, actual);\n    }\n\n    @Test\n    public void testSumWithMaxInteger() {\n        int n = Integer.MAX_VALUE;\n        long expected = 2305843005992468481L;\n        long actual = F.sum(n);\n        assertEquals(expected, actual);\n    }\n\n    @Test\n    public void testSumWithMinInteger() {\n        int n = Integer.MIN_VALUE;\n        int expected = 0;\n        int actual = F.sum(n);\n        assertEquals(expected, actual);\n    }\n\n    @Test\n    public void testSumWithOddNumber() {\n        int n = 7;\n        int expected = 28;\n        int actual = F.sum(n);\n        assertEquals(expected, actual);\n    }\n\n    @Test\n    public void testSumWithEvenNumber() {\n        int n = 8;\n        int expected = 36;\n        int actual = F.sum(n);\n        assertEquals(expected, actual);\n    }\n\n    @Test\n    public void testSumWithOne() {\n        int n = 1;\n        int expected = 1;\n        int actual = F.sum(n);\n        assertEquals(expected, actual);\n    }\n}", "has_syntactic_error": false, "compile_error": "/home/minbao/PycharmProject/ChatUniTest-main/result/scope_test%20231224102924%/98%original%F%sum%d1/1/temp/F_98_1Test.java:15: error: sum(int) has private access in F\n        int actual = F.sum(n);\n                      ^\n/home/minbao/PycharmProject/ChatUniTest-main/result/scope_test%20231224102924%/98%original%F%sum%d1/1/temp/F_98_1Test.java:23: error: sum(int) has private access in F\n        int actual = F.sum(n);\n                      ^\n/home/minbao/PycharmProject/ChatUniTest-main/result/scope_test%20231224102924%/98%original%F%sum%d1/1/temp/F_98_1Test.java:31: error: sum(int) has private access in F\n        int actual = F.sum(n);\n                      ^\n/home/minbao/PycharmProject/ChatUniTest-main/result/scope_test%20231224102924%/98%original%F%sum%d1/1/temp/F_98_1Test.java:39: error: sum(int) has private access in F\n        long actual = F.sum((int) n);\n                       ^\n/home/minbao/PycharmProject/ChatUniTest-main/result/scope_test%20231224102924%/98%original%F%sum%d1/1/temp/F_98_1Test.java:47: error: sum(int) has private access in F\n        long actual = F.sum(n);\n                       ^\n/home/minbao/PycharmProject/ChatUniTest-main/result/scope_test%20231224102924%/98%original%F%sum%d1/1/temp/F_98_1Test.java:55: error: sum(int) has private access in F\n        int actual = F.sum(n);\n                      ^\n/home/minbao/PycharmProject/ChatUniTest-main/result/scope_test%20231224102924%/98%original%F%sum%d1/1/temp/F_98_1Test.java:63: error: sum(int) has private access in F\n        int actual = F.sum(n);\n                      ^\n/home/minbao/PycharmProject/ChatUniTest-main/result/scope_test%20231224102924%/98%original%F%sum%d1/1/temp/F_98_1Test.java:71: error: sum(int) has private access in F\n        int actual = F.sum(n);\n                      ^\n/home/minbao/PycharmProject/ChatUniTest-main/result/scope_test%20231224102924%/98%original%F%sum%d1/1/temp/F_98_1Test.java:79: error: sum(int) has private access in F\n        int actual = F.sum(n);\n                      ^\n9 errors\n"}