{"has_code": true, "source_code": "package original;\nimport java.util.ArrayList;\nimport java.util.Collections;\n\nimport org.junit.Test;\nimport static org.junit.Assert.*;\nimport java.util.List;\n\npublic class GetOddCollatzTest {\n\n    @Test\n    public void testGetOddCollatz() {\n        List<Integer> expected = List.of(1, 3, 5, 7, 9, 11, 13, 15, 17, 19, 21, 23, 25, 27, 29, 31, 33, 35, 37, 39, 41, 43, 45, 47, 49, 51, 53, 55, 57, 59, 61, 63, 65, 67, 69, 71, 73, 75, 77, 79, 81, 83, 85, 87, 89, 91, 93, 95, 97, 99);\n        List<Integer> result = GetOddCollatz.getOddCollatz(100);\n        Collections.sort(result);\n        assertEquals(expected, result);\n    }\n\n    @Test\n    public void testGetOddCollatzWithNegativeInput() {\n        List<Integer> expected = List.of(1);\n        List<Integer> result = GetOddCollatz.getOddCollatz(-5);\n        assertEquals(expected, result);\n    }\n\n    @Test\n    public void testGetOddCollatzWithZeroInput() {\n        List<Integer> expected = List.of(1);\n        List<Integer> result = GetOddCollatz.getOddCollatz(0);\n        assertEquals(expected, result);\n    }\n\n    @Test\n    public void testGetOddCollatzWithOneInput() {\n        List<Integer> expected = List.of(1);\n        List<Integer> result = GetOddCollatz.getOddCollatz(1);\n        assertEquals(expected, result);\n    }\n}", "has_syntactic_error": false, "runtime_error": "\nFailures (3):\n  JUnit Vintage:GetOddCollatz_139_1Test:testGetOddCollatzWithZeroInput\n    MethodSource [className = 'original.GetOddCollatz_139_1Test', methodName = 'testGetOddCollatzWithZeroInput', methodParameterTypes = '']\n    => org.junit.runners.model.TestTimedOutException: test timed out after 8000 milliseconds\n       app//original.GetOddCollatz.getOddCollatz(id_123.java:42)\n       app//original.GetOddCollatz_139_1Test.testGetOddCollatzWithZeroInput(GetOddCollatz_139_1Test.java:29)\n       java.base@11.0.21/jdk.internal.reflect.NativeMethodAccessorImpl.invoke0(Native Method)\n       java.base@11.0.21/jdk.internal.reflect.NativeMethodAccessorImpl.invoke(NativeMethodAccessorImpl.java:62)\n       java.base@11.0.21/jdk.internal.reflect.DelegatingMethodAccessorImpl.invoke(DelegatingMethodAccessorImpl.java:43)\n       java.base@11.0.21/java.lang.reflect.Method.invoke(Method.java:566)\n       app//org.junit.runners.model.FrameworkMethod$1.runReflectiveCall(FrameworkMethod.java:59)\n       app//org.junit.internal.runners.model.ReflectiveCallable.run(ReflectiveCallable.java:12)\n       app//org.junit.runners.model.FrameworkMethod.invokeExplosively(FrameworkMethod.java:56)\n       app//org.junit.internal.runners.statements.InvokeMethod.evaluate(InvokeMethod.java:17)\n       [...]\n  JUnit Vintage:GetOddCollatz_139_1Test:testGetOddCollatzWithNegativeInput\n    MethodSource [className = 'original.GetOddCollatz_139_1Test', methodName = 'testGetOddCollatzWithNegativeInput', methodParameterTypes = '']\n    => org.junit.runners.model.TestTimedOutException: test timed out after 8000 milliseconds\n       app//original.GetOddCollatz.getOddCollatz(id_123.java:42)\n       app//original.GetOddCollatz_139_1Test.testGetOddCollatzWithNegativeInput(GetOddCollatz_139_1Test.java:22)\n       java.base@11.0.21/jdk.internal.reflect.NativeMethodAccessorImpl.invoke0(Native Method)\n       java.base@11.0.21/jdk.internal.reflect.NativeMethodAccessorImpl.invoke(NativeMethodAccessorImpl.java:62)\n       java.base@11.0.21/jdk.internal.reflect.DelegatingMethodAccessorImpl.invoke(DelegatingMethodAccessorImpl.java:43)\n       java.base@11.0.21/java.lang.reflect.Method.invoke(Method.java:566)\n       app//org.junit.runners.model.FrameworkMethod$1.runReflectiveCall(FrameworkMethod.java:59)\n       app//org.junit.internal.runners.model.ReflectiveCallable.run(ReflectiveCallable.java:12)\n       app//org.junit.runners.model.FrameworkMethod.invokeExplosively(FrameworkMethod.java:56)\n       app//org.junit.internal.runners.statements.InvokeMethod.evaluate(InvokeMethod.java:17)\n       [...]\n  JUnit Vintage:GetOddCollatz_139_1Test:testGetOddCollatz\n    MethodSource [className = 'original.GetOddCollatz_139_1Test', methodName = 'testGetOddCollatz', methodParameterTypes = '']\n    => java.lang.AssertionError: expected:<[1, 3, 5, 7, 9, 11, 13, 15, 17, 19, 21, 23, 25, 27, 29, 31, 33, 35, 37, 39, 41, 43, 45, 47, 49, 51, 53, 55, 57, 59, 61, 63, 65, 67, 69, 71, 73, 75, 77, 79, 81, 83, 85, 87, 89, 91, 93, 95, 97, 99]> but was:<[1, 5, 11, 13, 17, 19, 25, 29]>\n       org.junit.Assert.fail(Assert.java:89)\n       org.junit.Assert.failNotEquals(Assert.java:835)\n       org.junit.Assert.assertEquals(Assert.java:120)\n       org.junit.Assert.assertEquals(Assert.java:146)\n       original.GetOddCollatz_139_1Test.testGetOddCollatz(GetOddCollatz_139_1Test.java:16)\n       java.base/jdk.internal.reflect.NativeMethodAccessorImpl.invoke0(Native Method)\n       java.base/jdk.internal.reflect.NativeMethodAccessorImpl.invoke(NativeMethodAccessorImpl.java:62)\n       java.base/jdk.internal.reflect.DelegatingMethodAccessorImpl.invoke(DelegatingMethodAccessorImpl.java:43)\n       java.base/java.lang.reflect.Method.invoke(Method.java:566)\n       org.junit.runners.model.FrameworkMethod$1.runReflectiveCall(FrameworkMethod.java:59)\n       [...]\n\nTest run finished after 16043 ms\n[         4 containers found      ]\n[         0 containers skipped    ]\n[         4 containers started    ]\n[         0 containers aborted    ]\n[         4 containers successful ]\n[         0 containers failed     ]\n[         4 tests found           ]\n[         0 tests skipped         ]\n[         4 tests started         ]\n[         0 tests aborted         ]\n[         1 tests successful      ]\n[         3 tests failed          ]\n\n"}