{"has_code": true, "source_code": "package original;\nimport java.util.ArrayList;\nimport org.junit.Test;\nimport static org.junit.Assert.*;\nimport java.util.List;\nimport java.util.Arrays;\n\npublic class FTest {\n\n    @Test\n    public void testF() {\n        // Test case 1\n        List<Integer> expected1 = Arrays.asList(1, 2, 6, 24, 15);\n        List<Integer> result1 = F.f(5);\n        assertEquals(expected1, result1);\n\n        // Test case 2\n        List<Integer> expected2 = Arrays.asList(1, 2, 6, 24, 15, 720, 28);\n        List<Integer> result2 = F.f(7);\n        assertEquals(expected2, result2);\n\n        // Test case 3\n        List<Integer> expected3 = Arrays.asList(1);\n        List<Integer> result3 = F.f(1);\n        assertEquals(expected3, result3);\n\n        // Test case 4\n        List<Integer> expected4 = Arrays.asList(1, 2, 6);\n        List<Integer> result4 = F.f(3);\n        assertEquals(expected4, result4);\n    }\n\n    @Test\n    public void testFactorial() {\n        // Test case 1\n        int expected1 = 2;\n        int result1 = F.factorial(2);\n        assertEquals(expected1, result1);\n\n        // Test case 2\n        int expected2 = 6;\n        int result2 = F.factorial(3);\n        assertEquals(expected2, result2);\n\n        // Test case 3\n        int expected3 = 24;\n        int result3 = F.factorial(4);\n        assertEquals(expected3, result3);\n    }\n\n    @Test\n    public void testSum() {\n        // Test case 1\n        int expected1 = 1;\n        int result1 = F.sum(1);\n        assertEquals(expected1, result1);\n\n        // Test case 2\n        int expected2 = 3;\n        int result2 = F.sum(2);\n        assertEquals(expected2, result2);\n\n        // Test case 3\n        int expected3 = 6;\n        int result3 = F.sum(3);\n        assertEquals(expected3, result3);\n    }\n}", "has_syntactic_error": false, "compile_error": "/home/minbao/PycharmProject/ChatUniTest-main/result/scope_test%20231229223957%/96%original%F%f%d1/1/temp/F_96_1Test.java:37: error: factorial(int) has private access in F\n        int result1 = F.factorial(2);\n                       ^\n/home/minbao/PycharmProject/ChatUniTest-main/result/scope_test%20231229223957%/96%original%F%f%d1/1/temp/F_96_1Test.java:42: error: factorial(int) has private access in F\n        int result2 = F.factorial(3);\n                       ^\n/home/minbao/PycharmProject/ChatUniTest-main/result/scope_test%20231229223957%/96%original%F%f%d1/1/temp/F_96_1Test.java:47: error: factorial(int) has private access in F\n        int result3 = F.factorial(4);\n                       ^\n/home/minbao/PycharmProject/ChatUniTest-main/result/scope_test%20231229223957%/96%original%F%f%d1/1/temp/F_96_1Test.java:55: error: sum(int) has private access in F\n        int result1 = F.sum(1);\n                       ^\n/home/minbao/PycharmProject/ChatUniTest-main/result/scope_test%20231229223957%/96%original%F%f%d1/1/temp/F_96_1Test.java:60: error: sum(int) has private access in F\n        int result2 = F.sum(2);\n                       ^\n/home/minbao/PycharmProject/ChatUniTest-main/result/scope_test%20231229223957%/96%original%F%f%d1/1/temp/F_96_1Test.java:65: error: sum(int) has private access in F\n        int result3 = F.sum(3);\n                       ^\n6 errors\n"}