
Failures (2):
  JUnit Vintage:SortedListSum_67_1Test:testSortedListSum_AllOddLength
    MethodSource [className = 'original.SortedListSum_67_1Test', methodName = 'testSortedListSum_AllOddLength', methodParameterTypes = '']
    => java.lang.AssertionError: expected:<[a, abc, def]> but was:<[ghij]>
       org.junit.Assert.fail(Assert.java:89)
       org.junit.Assert.failNotEquals(Assert.java:835)
       org.junit.Assert.assertEquals(Assert.java:120)
       org.junit.Assert.assertEquals(Assert.java:146)
       original.SortedListSum_67_1Test.testSortedListSum_AllOddLength(SortedListSum_67_1Test.java:34)
       java.base/jdk.internal.reflect.NativeMethodAccessorImpl.invoke0(Native Method)
       java.base/jdk.internal.reflect.NativeMethodAccessorImpl.invoke(NativeMethodAccessorImpl.java:62)
       java.base/jdk.internal.reflect.DelegatingMethodAccessorImpl.invoke(DelegatingMethodAccessorImpl.java:43)
       java.base/java.lang.reflect.Method.invoke(Method.java:566)
       org.junit.runners.model.FrameworkMethod$1.runReflectiveCall(FrameworkMethod.java:59)
       [...]
  JUnit Vintage:SortedListSum_67_1Test:testSortedListSum
    MethodSource [className = 'original.SortedListSum_67_1Test', methodName = 'testSortedListSum', methodParameterTypes = '']
    => java.lang.AssertionError: expected:<[abc, yz, defg, hijkl]> but was:<[yz, defg, mnopqr, stuvwx]>
       org.junit.Assert.fail(Assert.java:89)
       org.junit.Assert.failNotEquals(Assert.java:835)
       org.junit.Assert.assertEquals(Assert.java:120)
       org.junit.Assert.assertEquals(Assert.java:146)
       original.SortedListSum_67_1Test.testSortedListSum(SortedListSum_67_1Test.java:18)
       java.base/jdk.internal.reflect.NativeMethodAccessorImpl.invoke0(Native Method)
       java.base/jdk.internal.reflect.NativeMethodAccessorImpl.invoke(NativeMethodAccessorImpl.java:62)
       java.base/jdk.internal.reflect.DelegatingMethodAccessorImpl.invoke(DelegatingMethodAccessorImpl.java:43)
       java.base/java.lang.reflect.Method.invoke(Method.java:566)
       org.junit.runners.model.FrameworkMethod$1.runReflectiveCall(FrameworkMethod.java:59)
       [...]

Test run finished after 46 ms
[         4 containers found      ]
[         0 containers skipped    ]
[         4 containers started    ]
[         0 containers aborted    ]
[         4 containers successful ]
[         0 containers failed     ]
[         4 tests found           ]
[         0 tests skipped         ]
[         4 tests started         ]
[         0 tests aborted         ]
[         2 tests successful      ]
[         2 tests failed          ]

