{"has_code": true, "source_code": "package original;\nimport org.junit.Test;\nimport static org.junit.Assert.*;\n\npublic class FruitDistributionTest {\n\n    @Test\n    public void testFruitDistribution() {\n        String s = \"I have 3 apples and 2 oranges\";\n        int n = 10;\n        int expectedMangoes = 5;\n\n        int actualMangoes = FruitDistribution.fruitDistribution(s, n);\n\n        assertEquals(expectedMangoes, actualMangoes);\n    }\n\n    @Test\n    public void testFruitDistributionWithNoApplesOrOranges() {\n        String s = \"I have no apples and no oranges\";\n        int n = 10;\n        int expectedMangoes = 10;\n\n        int actualMangoes = FruitDistribution.fruitDistribution(s, n);\n\n        assertEquals(expectedMangoes, actualMangoes);\n    }\n\n    @Test\n    public void testFruitDistributionWithNoFruits() {\n        String s = \"I have no fruits\";\n        int n = 10;\n        int expectedMangoes = 10;\n\n        int actualMangoes = FruitDistribution.fruitDistribution(s, n);\n\n        assertEquals(expectedMangoes, actualMangoes);\n    }\n\n    @Test\n    public void testFruitDistributionWithNegativeN() {\n        String s = \"I have 3 apples and 2 oranges\";\n        int n = -10;\n        int expectedMangoes = 0;\n\n        int actualMangoes = FruitDistribution.fruitDistribution(s, n);\n\n        assertEquals(expectedMangoes, actualMangoes);\n    }\n}", "has_syntactic_error": false, "runtime_error": "\nFailures (2):\n  JUnit Vintage:FruitDistribution_169_1Test:testFruitDistributionWithNegativeN\n    MethodSource [className = 'original.FruitDistribution_169_1Test', methodName = 'testFruitDistributionWithNegativeN', methodParameterTypes = '']\n    => java.lang.AssertionError: expected:<0> but was:<-15>\n       org.junit.Assert.fail(Assert.java:89)\n       org.junit.Assert.failNotEquals(Assert.java:835)\n       org.junit.Assert.assertEquals(Assert.java:647)\n       org.junit.Assert.assertEquals(Assert.java:633)\n       original.FruitDistribution_169_1Test.testFruitDistributionWithNegativeN(FruitDistribution_169_1Test.java:48)\n       java.base/jdk.internal.reflect.NativeMethodAccessorImpl.invoke0(Native Method)\n       java.base/jdk.internal.reflect.NativeMethodAccessorImpl.invoke(NativeMethodAccessorImpl.java:62)\n       java.base/jdk.internal.reflect.DelegatingMethodAccessorImpl.invoke(DelegatingMethodAccessorImpl.java:43)\n       java.base/java.lang.reflect.Method.invoke(Method.java:566)\n       org.junit.runners.model.FrameworkMethod$1.runReflectiveCall(FrameworkMethod.java:59)\n       [...]\n  JUnit Vintage:FruitDistribution_169_1Test:testFruitDistributionWithNoApplesOrOranges\n    MethodSource [className = 'original.FruitDistribution_169_1Test', methodName = 'testFruitDistributionWithNoApplesOrOranges', methodParameterTypes = '']\n    => java.lang.NumberFormatException: For input string: \"no\"\n       java.base/java.lang.NumberFormatException.forInputString(NumberFormatException.java:65)\n       java.base/java.lang.Integer.parseInt(Integer.java:652)\n       java.base/java.lang.Integer.parseInt(Integer.java:770)\n       original.FruitDistribution.fruitDistribution(id_67.java:38)\n       original.FruitDistribution_169_1Test.testFruitDistributionWithNoApplesOrOranges(FruitDistribution_169_1Test.java:24)\n       java.base/jdk.internal.reflect.NativeMethodAccessorImpl.invoke0(Native Method)\n       java.base/jdk.internal.reflect.NativeMethodAccessorImpl.invoke(NativeMethodAccessorImpl.java:62)\n       java.base/jdk.internal.reflect.DelegatingMethodAccessorImpl.invoke(DelegatingMethodAccessorImpl.java:43)\n       java.base/java.lang.reflect.Method.invoke(Method.java:566)\n       org.junit.runners.model.FrameworkMethod$1.runReflectiveCall(FrameworkMethod.java:59)\n       [...]\n\nTest run finished after 46 ms\n[         4 containers found      ]\n[         0 containers skipped    ]\n[         4 containers started    ]\n[         0 containers aborted    ]\n[         4 containers successful ]\n[         0 containers failed     ]\n[         4 tests found           ]\n[         0 tests skipped         ]\n[         4 tests started         ]\n[         0 tests aborted         ]\n[         2 tests successful      ]\n[         2 tests failed          ]\n\n"}