
Failures (2):
  JUnit Vintage:SortArray1_51_1Test:testSortArray
    MethodSource [className = 'original.SortArray1_51_1Test', methodName = 'testSortArray', methodParameterTypes = '']
    => java.lang.AssertionError: expected:<[1, 2, 5, 8, 9]> but was:<[9, 8, 5, 2, 1]>
       org.junit.Assert.fail(Assert.java:89)
       org.junit.Assert.failNotEquals(Assert.java:835)
       org.junit.Assert.assertEquals(Assert.java:120)
       org.junit.Assert.assertEquals(Assert.java:146)
       original.SortArray1_51_1Test.testSortArray(SortArray1_51_1Test.java:22)
       java.base/jdk.internal.reflect.NativeMethodAccessorImpl.invoke0(Native Method)
       java.base/jdk.internal.reflect.NativeMethodAccessorImpl.invoke(NativeMethodAccessorImpl.java:62)
       java.base/jdk.internal.reflect.DelegatingMethodAccessorImpl.invoke(DelegatingMethodAccessorImpl.java:43)
       java.base/java.lang.reflect.Method.invoke(Method.java:566)
       org.junit.runners.model.FrameworkMethod$1.runReflectiveCall(FrameworkMethod.java:59)
       [...]
  JUnit Vintage:SortArray1_51_1Test:testSortArrayWithOddSum
    MethodSource [className = 'original.SortArray1_51_1Test', methodName = 'testSortArrayWithOddSum', methodParameterTypes = '']
    => java.lang.AssertionError: expected:<[1, 2, 3, 5, 8, 9]> but was:<[9, 8, 5, 3, 2, 1]>
       org.junit.Assert.fail(Assert.java:89)
       org.junit.Assert.failNotEquals(Assert.java:835)
       org.junit.Assert.assertEquals(Assert.java:120)
       org.junit.Assert.assertEquals(Assert.java:146)
       original.SortArray1_51_1Test.testSortArrayWithOddSum(SortArray1_51_1Test.java:70)
       java.base/jdk.internal.reflect.NativeMethodAccessorImpl.invoke0(Native Method)
       java.base/jdk.internal.reflect.NativeMethodAccessorImpl.invoke(NativeMethodAccessorImpl.java:62)
       java.base/jdk.internal.reflect.DelegatingMethodAccessorImpl.invoke(DelegatingMethodAccessorImpl.java:43)
       java.base/java.lang.reflect.Method.invoke(Method.java:566)
       org.junit.runners.model.FrameworkMethod$1.runReflectiveCall(FrameworkMethod.java:59)
       [...]

Test run finished after 45 ms
[         4 containers found      ]
[         0 containers skipped    ]
[         4 containers started    ]
[         0 containers aborted    ]
[         4 containers successful ]
[         0 containers failed     ]
[         5 tests found           ]
[         0 tests skipped         ]
[         5 tests started         ]
[         0 tests aborted         ]
[         3 tests successful      ]
[         2 tests failed          ]

