
Failures (2):
  JUnit Vintage:Bf_150_1Test:testBf
    MethodSource [className = 'original.Bf_150_1Test', methodName = 'testBf', methodParameterTypes = '']
    => java.lang.AssertionError: expected:<[Venus, Earth, Mars]> but was:<[Venus, Earth]>
       org.junit.Assert.fail(Assert.java:89)
       org.junit.Assert.failNotEquals(Assert.java:835)
       org.junit.Assert.assertEquals(Assert.java:120)
       org.junit.Assert.assertEquals(Assert.java:146)
       original.Bf_150_1Test.testBf(Bf_150_1Test.java:14)
       java.base/jdk.internal.reflect.NativeMethodAccessorImpl.invoke0(Native Method)
       java.base/jdk.internal.reflect.NativeMethodAccessorImpl.invoke(NativeMethodAccessorImpl.java:62)
       java.base/jdk.internal.reflect.DelegatingMethodAccessorImpl.invoke(DelegatingMethodAccessorImpl.java:43)
       java.base/java.lang.reflect.Method.invoke(Method.java:566)
       org.junit.runners.model.FrameworkMethod$1.runReflectiveCall(FrameworkMethod.java:59)
       [...]
  JUnit Vintage:Bf_150_1Test:testBfInvalidOrder
    MethodSource [className = 'original.Bf_150_1Test', methodName = 'testBfInvalidOrder', methodParameterTypes = '']
    => java.lang.AssertionError: expected:<[Mars, Jupiter]> but was:<[]>
       org.junit.Assert.fail(Assert.java:89)
       org.junit.Assert.failNotEquals(Assert.java:835)
       org.junit.Assert.assertEquals(Assert.java:120)
       org.junit.Assert.assertEquals(Assert.java:146)
       original.Bf_150_1Test.testBfInvalidOrder(Bf_150_1Test.java:35)
       java.base/jdk.internal.reflect.NativeMethodAccessorImpl.invoke0(Native Method)
       java.base/jdk.internal.reflect.NativeMethodAccessorImpl.invoke(NativeMethodAccessorImpl.java:62)
       java.base/jdk.internal.reflect.DelegatingMethodAccessorImpl.invoke(DelegatingMethodAccessorImpl.java:43)
       java.base/java.lang.reflect.Method.invoke(Method.java:566)
       org.junit.runners.model.FrameworkMethod$1.runReflectiveCall(FrameworkMethod.java:59)
       [...]

Test run finished after 43 ms
[         4 containers found      ]
[         0 containers skipped    ]
[         4 containers started    ]
[         0 containers aborted    ]
[         4 containers successful ]
[         0 containers failed     ]
[         4 tests found           ]
[         0 tests skipped         ]
[         4 tests started         ]
[         0 tests aborted         ]
[         2 tests successful      ]
[         2 tests failed          ]

