
Failures (2):
  JUnit Vintage:DoubleTheDifference_56_1Test:testDoubleTheDifferenceWithNonIntegerElements
    MethodSource [className = 'original.DoubleTheDifference_56_1Test', methodName = 'testDoubleTheDifferenceWithNonIntegerElements', methodParameterTypes = '']
    => java.lang.AssertionError: expected:<26> but was:<35>
       org.junit.Assert.fail(Assert.java:89)
       org.junit.Assert.failNotEquals(Assert.java:835)
       org.junit.Assert.assertEquals(Assert.java:647)
       org.junit.Assert.assertEquals(Assert.java:633)
       original.DoubleTheDifference_56_1Test.testDoubleTheDifferenceWithNonIntegerElements(DoubleTheDifference_56_1Test.java:72)
       java.base/jdk.internal.reflect.NativeMethodAccessorImpl.invoke0(Native Method)
       java.base/jdk.internal.reflect.NativeMethodAccessorImpl.invoke(NativeMethodAccessorImpl.java:62)
       java.base/jdk.internal.reflect.DelegatingMethodAccessorImpl.invoke(DelegatingMethodAccessorImpl.java:43)
       java.base/java.lang.reflect.Method.invoke(Method.java:566)
       org.junit.runners.model.FrameworkMethod$1.runReflectiveCall(FrameworkMethod.java:59)
       [...]
  JUnit Vintage:DoubleTheDifference_56_1Test:testDoubleTheDifference
    MethodSource [className = 'original.DoubleTheDifference_56_1Test', methodName = 'testDoubleTheDifference', methodParameterTypes = '']
    => java.lang.AssertionError: expected:<26> but was:<35>
       org.junit.Assert.fail(Assert.java:89)
       org.junit.Assert.failNotEquals(Assert.java:835)
       org.junit.Assert.assertEquals(Assert.java:647)
       org.junit.Assert.assertEquals(Assert.java:633)
       original.DoubleTheDifference_56_1Test.testDoubleTheDifference(DoubleTheDifference_56_1Test.java:21)
       java.base/jdk.internal.reflect.NativeMethodAccessorImpl.invoke0(Native Method)
       java.base/jdk.internal.reflect.NativeMethodAccessorImpl.invoke(NativeMethodAccessorImpl.java:62)
       java.base/jdk.internal.reflect.DelegatingMethodAccessorImpl.invoke(DelegatingMethodAccessorImpl.java:43)
       java.base/java.lang.reflect.Method.invoke(Method.java:566)
       org.junit.runners.model.FrameworkMethod$1.runReflectiveCall(FrameworkMethod.java:59)
       [...]

Test run finished after 45 ms
[         4 containers found      ]
[         0 containers skipped    ]
[         4 containers started    ]
[         0 containers aborted    ]
[         4 containers successful ]
[         0 containers failed     ]
[         5 tests found           ]
[         0 tests skipped         ]
[         5 tests started         ]
[         0 tests aborted         ]
[         3 tests successful      ]
[         2 tests failed          ]

